Log file open, 09/22/21 20:06:44
LogInit: Display: Running engine for game: VR_shooter
LogPlatformFile: Not using cached read wrapper
LogTaskGraph: Started task graph with 5 named threads and 23 total threads with 3 sets of task threads.
LogStats: Stats thread started at 0.642359
LogD3D11RHI: Loaded GFSDK_Aftermath_Lib.x64.dll
LogICUInternationalization: ICU TimeZone Detection - Raw Offset: +10:00, Platform Override: ''
LogPluginManager: Mounting plugin Paper2D
LogPluginManager: Mounting plugin AISupport
LogPluginManager: Mounting plugin LightPropagationVolume
LogPluginManager: Mounting plugin CameraShakePreviewer
LogPluginManager: Mounting plugin ActorLayerUtilities
LogPluginManager: Mounting plugin AnimationSharing
LogPluginManager: Mounting plugin CLionSourceCodeAccess
LogPluginManager: Mounting plugin CodeLiteSourceCodeAccess
LogPluginManager: Mounting plugin GitSourceControl
LogPluginManager: Mounting plugin KDevelopSourceCodeAccess
LogPluginManager: Mounting plugin NullSourceCodeAccess
LogPluginManager: Mounting plugin PerforceSourceControl
LogPluginManager: Mounting plugin PlasticSourceControl
LogPluginManager: Mounting plugin RiderSourceCodeAccess
LogPluginManager: Mounting plugin SubversionSourceControl
LogPluginManager: Mounting plugin UObjectPlugin
LogPluginManager: Mounting plugin VisualStudioCodeSourceCodeAccess
LogPluginManager: Mounting plugin VisualStudioSourceCodeAccess
LogPluginManager: Mounting plugin XCodeSourceCodeAccess
LogPluginManager: Mounting plugin AssetManagerEditor
LogPluginManager: Mounting plugin CryptoKeys
LogPluginManager: Mounting plugin CurveEditorTools
LogPluginManager: Mounting plugin DataValidation
LogPluginManager: Mounting plugin EditorScriptingUtilities
LogPluginManager: Mounting plugin FacialAnimation
LogPluginManager: Mounting plugin GameplayTagsEditor
LogPluginManager: Mounting plugin GeometryMode
LogPluginManager: Mounting plugin MacGraphicsSwitching
LogPluginManager: Mounting plugin MaterialAnalyzer
LogPluginManager: Mounting plugin MobileLauncherProfileWizard
LogPluginManager: Mounting plugin PluginBrowser
LogPluginManager: Mounting plugin SpeedTreeImporter
LogPluginManager: Mounting plugin DatasmithContent
LogPluginManager: Mounting plugin VariantManagerContent
LogPluginManager: Mounting plugin AlembicImporter
LogPluginManager: Mounting plugin AutomationUtils
LogPluginManager: Mounting plugin BackChannel
LogPluginManager: Mounting plugin ChaosCloth
LogPluginManager: Mounting plugin ChaosClothEditor
LogPluginManager: Mounting plugin ChaosEditor
LogPluginManager: Mounting plugin ChaosNiagara
LogPluginManager: Mounting plugin ChaosSolverPlugin
LogPluginManager: Mounting plugin CharacterAI
LogPluginManager: Mounting plugin GeometryCache
LogPluginManager: Mounting plugin GeometryCollectionPlugin
LogPluginManager: Mounting plugin GeometryProcessing
LogPluginManager: Mounting plugin PlanarCut
LogPluginManager: Mounting plugin PlatformCrypto
LogPluginManager: Mounting plugin ProxyLODPlugin
LogPluginManager: Mounting plugin SkeletalReduction
LogPluginManager: Mounting plugin Niagara
LogPluginManager: Mounting plugin MagicLeap
LogPluginManager: Mounting plugin MagicLeapLightEstimation
LogPluginManager: Mounting plugin MagicLeapMedia
LogPluginManager: Mounting plugin MagicLeapPassableWorld
LogPluginManager: Mounting plugin MLSDK
LogPluginManager: Mounting plugin AndroidMedia
LogPluginManager: Mounting plugin AvfMedia
LogPluginManager: Mounting plugin ImgMedia
LogPluginManager: Mounting plugin MediaCompositing
LogPluginManager: Mounting plugin MediaPlayerEditor
LogPluginManager: Mounting plugin WebMMedia
LogPluginManager: Mounting plugin WmfMedia
LogPluginManager: Mounting plugin MeshPainting
LogPluginManager: Mounting plugin TcpMessaging
LogPluginManager: Mounting plugin UdpMessaging
LogPluginManager: Mounting plugin ActorSequence
LogPluginManager: Mounting plugin LevelSequenceEditor
LogPluginManager: Mounting plugin MatineeToLevelSequence
LogPluginManager: Mounting plugin MovieRenderPipeline
LogPluginManager: Mounting plugin TemplateSequence
LogPluginManager: Mounting plugin NetcodeUnitTest
LogPluginManager: Mounting plugin NUTUnrealEngine4
LogPluginManager: Mounting plugin OnlineSubsystemGooglePlay
LogPluginManager: Mounting plugin OnlineSubsystemIOS
LogPluginManager: Mounting plugin OnlineSubsystem
LogPluginManager: Mounting plugin OnlineSubsystemNull
LogPluginManager: Mounting plugin OnlineSubsystemUtils
LogPluginManager: Mounting plugin LauncherChunkInstaller
LogPluginManager: Mounting plugin AndroidDeviceProfileSelector
LogPluginManager: Mounting plugin AndroidMoviePlayer
LogPluginManager: Mounting plugin AndroidPermission
LogPluginManager: Mounting plugin AppleImageUtils
LogPluginManager: Mounting plugin AppleMoviePlayer
LogPluginManager: Mounting plugin ArchVisCharacter
LogPluginManager: Mounting plugin AssetTags
LogPluginManager: Mounting plugin AudioCapture
LogPluginManager: Mounting plugin CableComponent
LogPluginManager: Mounting plugin CustomMeshComponent
LogPluginManager: Mounting plugin EditableMesh
LogPluginManager: Mounting plugin ExampleDeviceProfileSelector
LogPluginManager: Mounting plugin GoogleCloudMessaging
LogPluginManager: Mounting plugin GooglePAD
LogPluginManager: Mounting plugin IOSDeviceProfileSelector
LogPluginManager: Mounting plugin LinuxDeviceProfileSelector
LogPluginManager: Mounting plugin LocationServicesBPLibrary
LogPluginManager: Mounting plugin MobilePatchingUtils
LogPluginManager: Mounting plugin OculusVR
LogPluginManager: Mounting plugin PhysXVehicles
LogPluginManager: Mounting plugin PostSplashScreen
LogPluginManager: Mounting plugin ProceduralMeshComponent
LogPluginManager: Mounting plugin RuntimePhysXCooking
LogPluginManager: Mounting plugin SignificanceManager
LogPluginManager: Mounting plugin SoundFields
LogPluginManager: Mounting plugin SteamVR
LogPluginManager: Mounting plugin Synthesis
LogPluginManager: Mounting plugin WebMMoviePlayer
LogPluginManager: Mounting plugin WindowsMoviePlayer
LogPluginManager: Mounting plugin ScreenshotTools
LogInit: Using libcurl 7.55.1-DEV
LogInit:  - built for x86_64-pc-win32
LogInit:  - supports SSL with OpenSSL/1.1.1
LogInit:  - supports HTTP deflate (compression) using libz 1.2.8
LogInit:  - other features:
LogInit:      CURL_VERSION_SSL
LogInit:      CURL_VERSION_LIBZ
LogInit:      CURL_VERSION_IPV6
LogInit:      CURL_VERSION_ASYNCHDNS
LogInit:      CURL_VERSION_LARGEFILE
LogInit:      CURL_VERSION_IDN
LogInit:  CurlRequestOptions (configurable via config and command line):
LogInit:  - bVerifyPeer = true  - Libcurl will verify peer certificate
LogInit:  - bUseHttpProxy = false  - Libcurl will NOT use HTTP proxy
LogInit:  - bDontReuseConnections = false  - Libcurl will reuse connections
LogInit:  - MaxHostConnections = 16  - Libcurl will limit the number of connections to a host
LogInit:  - LocalHostAddr = Default
LogInit:  - BufferSize = 65536
LogOnline: OSS: Creating online subsystem instance for: NULL
LogInit: WinSock: version 1.1 (2.2), MaxSocks=32767, MaxUdp=65467
LogOnline: OSS: TryLoadSubsystemAndSetDefault: Loaded subsystem for module [NULL]
LogInit: Build: ++UE4+Release-4.25-CL-14469661
LogInit: Engine Version: 4.25.4-14469661+++UE4+Release-4.25
LogInit: Compatible Engine Version: 4.25.0-13144385+++UE4+Release-4.25
LogInit: Net CL: 13144385
LogInit: OS: Windows 10 (Release 2009) (), CPU: Intel(R) Core(TM) i7-10510U CPU @ 1.80GHz, GPU: Intel(R) UHD Graphics
LogInit: Compiled (64-bit): Oct 11 2020 08:10:49
LogInit: Compiled with Visual C++: 19.24.28315.00
LogInit: Build Configuration: Development
LogInit: Branch Name: ++UE4+Release-4.25
LogInit: Command Line: 
LogInit: Base Directory: C:/Program Files/Epic Games/UE_4.25/Engine/Binaries/Win64/
LogInit: Allocator: TBB
LogInit: Installed Engine Build: 1
LogDevObjectVersion: Number of dev versions registered: 26
LogDevObjectVersion:   Dev-Blueprints (B0D832E4-1F89-4F0D-ACCF-7EB736FD4AA2): 10
LogDevObjectVersion:   Dev-Build (E1C64328-A22C-4D53-A36C-8E866417BD8C): 0
LogDevObjectVersion:   Dev-Core (375EC13C-06E4-48FB-B500-84F0262A717E): 4
LogDevObjectVersion:   Dev-Editor (E4B068ED-F494-42E9-A231-DA0B2E46BB41): 38
LogDevObjectVersion:   Dev-Framework (CFFC743F-43B0-4480-9391-14DF171D2073): 37
LogDevObjectVersion:   Dev-Mobile (B02B49B5-BB20-44E9-A304-32B752E40360): 2
LogDevObjectVersion:   Dev-Networking (A4E4105C-59A1-49B5-A7C5-40C4547EDFEE): 0
LogDevObjectVersion:   Dev-Online (39C831C9-5AE6-47DC-9A44-9C173E1C8E7C): 0
LogDevObjectVersion:   Dev-Physics (78F01B33-EBEA-4F98-B9B4-84EACCB95AA2): 4
LogDevObjectVersion:   Dev-Platform (6631380F-2D4D-43E0-8009-CF276956A95A): 0
LogDevObjectVersion:   Dev-Rendering (12F88B9F-8875-4AFC-A67C-D90C383ABD29): 43
LogDevObjectVersion:   Dev-Sequencer (7B5AE74C-D270-4C10-A958-57980B212A5A): 12
LogDevObjectVersion:   Dev-VR (D7296918-1DD6-4BDD-9DE2-64A83CC13884): 3
LogDevObjectVersion:   Dev-LoadTimes (C2A15278-BFE7-4AFE-6C17-90FF531DF755): 1
LogDevObjectVersion:   Private-Geometry (6EACA3D4-40EC-4CC1-B786-8BED09428FC5): 3
LogDevObjectVersion:   Dev-AnimPhys (29E575DD-E0A3-4627-9D10-D276232CDCEA): 17
LogDevObjectVersion:   Dev-Anim (AF43A65D-7FD3-4947-9873-3E8ED9C1BB05): 7
LogDevObjectVersion:   Dev-ReflectionCapture (6B266CEC-1EC7-4B8F-A30B-E4D90942FC07): 1
LogDevObjectVersion:   Dev-Automation (0DF73D61-A23F-47EA-B727-89E90C41499A): 1
LogDevObjectVersion:   FortniteMain (601D1886-AC64-4F84-AA16-D3DE0DEAC7D6): 31
LogDevObjectVersion:   Dev-Enterprise (9DFFBCD6-494F-0158-E221-12823C92A888): 10
LogDevObjectVersion:   Dev-Niagara (F2AED0AC-9AFE-416F-8664-AA7FFA26D6FC): 1
LogDevObjectVersion:   Dev-Destruction (174F1F0B-B4C6-45A5-B13F-2EE8D0FB917D): 10
LogDevObjectVersion:   Dev-Physics-Ext (35F94A83-E258-406C-A318-09F59610247C): 37
LogDevObjectVersion:   Dev-PhysicsMaterial-Chaos (B68FC16E-8B1B-42E2-B453-215C058844FE): 1
LogDevObjectVersion:   Dev-CineCamera (B2E18506-4273-CFC2-A54E-F4BB758BBA07): 1
LogInit: Presizing for max 25165824 objects, including 0 objects not considered by GC, pre-allocating 0 bytes for permanent pool.
LogConfig: Applying CVar settings from Section [/Script/Engine.StreamingSettings] File [C:/Users/rajes/Documents/GitHub/CT21S2-49/VR_shooter/Saved/Config/Windows/Engine.ini]
LogConfig: Setting CVar [[s.MinBulkDataSizeForAsyncLoading:131072]]
LogConfig: Setting CVar [[s.AsyncLoadingThreadEnabled:0]]
LogConfig: Setting CVar [[s.EventDrivenLoaderEnabled:1]]
LogConfig: Setting CVar [[s.WarnIfTimeLimitExceeded:0]]
LogConfig: Setting CVar [[s.TimeLimitExceededMultiplier:1.5]]
LogConfig: Setting CVar [[s.TimeLimitExceededMinTime:0.005]]
LogConfig: Setting CVar [[s.UseBackgroundLevelStreaming:1]]
LogConfig: Setting CVar [[s.PriorityAsyncLoadingExtraTime:15.0]]
LogConfig: Setting CVar [[s.LevelStreamingActorsUpdateTimeLimit:5.0]]
LogConfig: Setting CVar [[s.PriorityLevelStreamingActorsUpdateExtraTime:5.0]]
LogConfig: Setting CVar [[s.LevelStreamingComponentsRegistrationGranularity:10]]
LogConfig: Setting CVar [[s.UnregisterComponentsTimeLimit:1.0]]
LogConfig: Setting CVar [[s.LevelStreamingComponentsUnregistrationGranularity:5]]
LogConfig: Setting CVar [[s.FlushStreamingOnExit:1]]
LogInit: Object subsystem initialized
LogConfig: Setting CVar [[con.DebugEarlyDefault:1]]
LogConfig: Setting CVar [[r.setres:1280x720]]
[2021.09.22-10.06.45:199][  0]LogConfig: Setting CVar [[r.VSync:0]]
[2021.09.22-10.06.45:199][  0]LogConfig: Setting CVar [[r.RHICmdBypass:0]]
[2021.09.22-10.06.45:199][  0]LogConfig: Applying CVar settings from Section [/Script/Engine.RendererSettings] File [C:/Users/rajes/Documents/GitHub/CT21S2-49/VR_shooter/Saved/Config/Windows/Engine.ini]
[2021.09.22-10.06.45:199][  0]LogConfig: Setting CVar [[r.GPUCrashDebugging:0]]
[2021.09.22-10.06.45:199][  0]LogConfig: Setting CVar [[r.DefaultFeature.AutoExposure.ExtendDefaultLuminanceRange:1]]
[2021.09.22-10.06.45:199][  0]LogConfig: Applying CVar settings from Section [/Script/Engine.RendererOverrideSettings] File [C:/Users/rajes/Documents/GitHub/CT21S2-49/VR_shooter/Saved/Config/Windows/Engine.ini]
[2021.09.22-10.06.45:199][  0]LogConfig: Applying CVar settings from Section [/Script/Engine.StreamingSettings] File [C:/Users/rajes/Documents/GitHub/CT21S2-49/VR_shooter/Saved/Config/Windows/Engine.ini]
[2021.09.22-10.06.45:199][  0]LogConfig: Setting CVar [[s.MinBulkDataSizeForAsyncLoading:131072]]
[2021.09.22-10.06.45:199][  0]LogConfig: Setting CVar [[s.AsyncLoadingThreadEnabled:0]]
[2021.09.22-10.06.45:199][  0]LogConfig: Setting CVar [[s.EventDrivenLoaderEnabled:1]]
[2021.09.22-10.06.45:199][  0]LogConfig: Setting CVar [[s.WarnIfTimeLimitExceeded:0]]
[2021.09.22-10.06.45:199][  0]LogConfig: Setting CVar [[s.TimeLimitExceededMultiplier:1.5]]
[2021.09.22-10.06.45:199][  0]LogConfig: Setting CVar [[s.TimeLimitExceededMinTime:0.005]]
[2021.09.22-10.06.45:199][  0]LogConfig: Setting CVar [[s.UseBackgroundLevelStreaming:1]]
[2021.09.22-10.06.45:199][  0]LogConfig: Setting CVar [[s.PriorityAsyncLoadingExtraTime:15.0]]
[2021.09.22-10.06.45:199][  0]LogConfig: Setting CVar [[s.LevelStreamingActorsUpdateTimeLimit:5.0]]
[2021.09.22-10.06.45:199][  0]LogConfig: Setting CVar [[s.PriorityLevelStreamingActorsUpdateExtraTime:5.0]]
[2021.09.22-10.06.45:199][  0]LogConfig: Setting CVar [[s.LevelStreamingComponentsRegistrationGranularity:10]]
[2021.09.22-10.06.45:199][  0]LogConfig: Setting CVar [[s.UnregisterComponentsTimeLimit:1.0]]
[2021.09.22-10.06.45:199][  0]LogConfig: Setting CVar [[s.LevelStreamingComponentsUnregistrationGranularity:5]]
[2021.09.22-10.06.45:199][  0]LogConfig: Setting CVar [[s.FlushStreamingOnExit:1]]
[2021.09.22-10.06.45:199][  0]LogConfig: Applying CVar settings from Section [/Script/Engine.GarbageCollectionSettings] File [C:/Users/rajes/Documents/GitHub/CT21S2-49/VR_shooter/Saved/Config/Windows/Engine.ini]
[2021.09.22-10.06.45:199][  0]LogConfig: Setting CVar [[gc.MaxObjectsNotConsideredByGC:1]]
[2021.09.22-10.06.45:199][  0]LogConfig: Setting CVar [[gc.SizeOfPermanentObjectPool:0]]
[2021.09.22-10.06.45:199][  0]LogConfig: Setting CVar [[gc.FlushStreamingOnGC:0]]
[2021.09.22-10.06.45:199][  0]LogConfig: Setting CVar [[gc.NumRetriesBeforeForcingGC:10]]
[2021.09.22-10.06.45:199][  0]LogConfig: Setting CVar [[gc.AllowParallelGC:1]]
[2021.09.22-10.06.45:199][  0]LogConfig: Setting CVar [[gc.TimeBetweenPurgingPendingKillObjects:61.1]]
[2021.09.22-10.06.45:199][  0]LogConfig: Setting CVar [[gc.MaxObjectsInEditor:25165824]]
[2021.09.22-10.06.45:199][  0]LogConfig: Setting CVar [[gc.IncrementalBeginDestroyEnabled:1]]
[2021.09.22-10.06.45:199][  0]LogConfig: Setting CVar [[gc.CreateGCClusters:1]]
[2021.09.22-10.06.45:199][  0]LogConfig: Setting CVar [[gc.MinGCClusterSize:5]]
[2021.09.22-10.06.45:199][  0]LogConfig: Setting CVar [[gc.ActorClusteringEnabled:0]]
[2021.09.22-10.06.45:199][  0]LogConfig: Setting CVar [[gc.BlueprintClusteringEnabled:0]]
[2021.09.22-10.06.45:199][  0]LogConfig: Setting CVar [[gc.UseDisregardForGCOnDedicatedServers:0]]
[2021.09.22-10.06.45:199][  0]LogConfig: Applying CVar settings from Section [/Script/Engine.NetworkSettings] File [C:/Users/rajes/Documents/GitHub/CT21S2-49/VR_shooter/Saved/Config/Windows/Engine.ini]
[2021.09.22-10.06.45:199][  0]LogConfig: Applying CVar settings from Section [/Script/UnrealEd.CookerSettings] File [C:/Users/rajes/Documents/GitHub/CT21S2-49/VR_shooter/Saved/Config/Windows/Engine.ini]
[2021.09.22-10.06.45:205][  0]LogConfig: Applying CVar settings from Section [ViewDistanceQuality@3] File [C:/Users/rajes/Documents/GitHub/CT21S2-49/VR_shooter/Saved/Config/Windows/Scalability.ini]
[2021.09.22-10.06.45:205][  0]LogConfig: Setting CVar [[r.SkeletalMeshLODBias:0]]
[2021.09.22-10.06.45:205][  0]LogConfig: Setting CVar [[r.ViewDistanceScale:1.0]]
[2021.09.22-10.06.45:205][  0]LogConfig: Applying CVar settings from Section [AntiAliasingQuality@3] File [C:/Users/rajes/Documents/GitHub/CT21S2-49/VR_shooter/Saved/Config/Windows/Scalability.ini]
[2021.09.22-10.06.45:205][  0]LogConfig: Setting CVar [[r.PostProcessAAQuality:4]]
[2021.09.22-10.06.45:205][  0]LogConfig: Applying CVar settings from Section [ShadowQuality@3] File [C:/Users/rajes/Documents/GitHub/CT21S2-49/VR_shooter/Saved/Config/Windows/Scalability.ini]
[2021.09.22-10.06.45:205][  0]LogConfig: Setting CVar [[r.LightFunctionQuality:1]]
[2021.09.22-10.06.45:205][  0]LogConfig: Setting CVar [[r.ShadowQuality:5]]
[2021.09.22-10.06.45:205][  0]LogConfig: Setting CVar [[r.Shadow.CSM.MaxCascades:10]]
[2021.09.22-10.06.45:205][  0]LogConfig: Setting CVar [[r.Shadow.MaxResolution:2048]]
[2021.09.22-10.06.45:205][  0]LogConfig: Setting CVar [[r.Shadow.MaxCSMResolution:2048]]
[2021.09.22-10.06.45:205][  0]LogConfig: Setting CVar [[r.Shadow.RadiusThreshold:0.01]]
[2021.09.22-10.06.45:205][  0]LogConfig: Setting CVar [[r.Shadow.DistanceScale:1.0]]
[2021.09.22-10.06.45:205][  0]LogConfig: Setting CVar [[r.Shadow.CSM.TransitionScale:1.0]]
[2021.09.22-10.06.45:205][  0]LogConfig: Setting CVar [[r.Shadow.PreShadowResolutionFactor:1.0]]
[2021.09.22-10.06.45:205][  0]LogConfig: Setting CVar [[r.DistanceFieldShadowing:1]]
[2021.09.22-10.06.45:205][  0]LogConfig: Setting CVar [[r.DistanceFieldAO:1]]
[2021.09.22-10.06.45:205][  0]LogConfig: Setting CVar [[r.AOQuality:2]]
[2021.09.22-10.06.45:205][  0]LogConfig: Setting CVar [[r.VolumetricFog:1]]
[2021.09.22-10.06.45:205][  0]LogConfig: Setting CVar [[r.VolumetricFog.GridPixelSize:8]]
[2021.09.22-10.06.45:205][  0]LogConfig: Setting CVar [[r.VolumetricFog.GridSizeZ:128]]
[2021.09.22-10.06.45:205][  0]LogConfig: Setting CVar [[r.VolumetricFog.HistoryMissSupersampleCount:4]]
[2021.09.22-10.06.45:205][  0]LogConfig: Setting CVar [[r.LightMaxDrawDistanceScale:1]]
[2021.09.22-10.06.45:205][  0]LogConfig: Setting CVar [[r.CapsuleShadows:1]]
[2021.09.22-10.06.45:205][  0]LogConfig: Applying CVar settings from Section [PostProcessQuality@3] File [C:/Users/rajes/Documents/GitHub/CT21S2-49/VR_shooter/Saved/Config/Windows/Scalability.ini]
[2021.09.22-10.06.45:205][  0]LogConfig: Setting CVar [[r.MotionBlurQuality:4]]
[2021.09.22-10.06.45:205][  0]LogConfig: Setting CVar [[r.AmbientOcclusionMipLevelFactor:0.4]]
[2021.09.22-10.06.45:205][  0]LogConfig: Setting CVar [[r.AmbientOcclusionMaxQuality:100]]
[2021.09.22-10.06.45:205][  0]LogConfig: Setting CVar [[r.AmbientOcclusionLevels:-1]]
[2021.09.22-10.06.45:205][  0]LogConfig: Setting CVar [[r.AmbientOcclusionRadiusScale:1.0]]
[2021.09.22-10.06.45:205][  0]LogConfig: Setting CVar [[r.DepthOfFieldQuality:2]]
[2021.09.22-10.06.45:205][  0]LogConfig: Setting CVar [[r.RenderTargetPoolMin:400]]
[2021.09.22-10.06.45:205][  0]LogConfig: Setting CVar [[r.LensFlareQuality:2]]
[2021.09.22-10.06.45:205][  0]LogConfig: Setting CVar [[r.SceneColorFringeQuality:1]]
[2021.09.22-10.06.45:205][  0]LogConfig: Setting CVar [[r.EyeAdaptationQuality:2]]
[2021.09.22-10.06.45:205][  0]LogConfig: Setting CVar [[r.BloomQuality:5]]
[2021.09.22-10.06.45:205][  0]LogConfig: Setting CVar [[r.FastBlurThreshold:100]]
[2021.09.22-10.06.45:205][  0]LogConfig: Setting CVar [[r.Upscale.Quality:3]]
[2021.09.22-10.06.45:205][  0]LogConfig: Setting CVar [[r.Tonemapper.GrainQuantization:1]]
[2021.09.22-10.06.45:205][  0]LogConfig: Setting CVar [[r.LightShaftQuality:1]]
[2021.09.22-10.06.45:205][  0]LogConfig: Setting CVar [[r.Filter.SizeScale:1]]
[2021.09.22-10.06.45:205][  0]LogConfig: Setting CVar [[r.Tonemapper.Quality:5]]
[2021.09.22-10.06.45:205][  0]LogConfig: Setting CVar [[r.DOF.Gather.AccumulatorQuality:1        ; higher gathering accumulator quality]]
[2021.09.22-10.06.45:205][  0]LogConfig: Setting CVar [[r.DOF.Gather.PostfilterMethod:1          ; Median3x3 postfilering method]]
[2021.09.22-10.06.45:205][  0]LogConfig: Setting CVar [[r.DOF.Gather.EnableBokehSettings:0       ; no bokeh simulation when gathering]]
[2021.09.22-10.06.45:205][  0]LogConfig: Setting CVar [[r.DOF.Gather.RingCount:4                 ; medium number of samples when gathering]]
[2021.09.22-10.06.45:205][  0]LogConfig: Setting CVar [[r.DOF.Scatter.ForegroundCompositing:1    ; additive foreground scattering]]
[2021.09.22-10.06.45:205][  0]LogConfig: Setting CVar [[r.DOF.Scatter.BackgroundCompositing:2    ; additive background scattering]]
[2021.09.22-10.06.45:205][  0]LogConfig: Setting CVar [[r.DOF.Scatter.EnableBokehSettings:1      ; bokeh simulation when scattering]]
[2021.09.22-10.06.45:205][  0]LogConfig: Setting CVar [[r.DOF.Scatter.MaxSpriteRatio:0.1         ; only a maximum of 10% of scattered bokeh]]
[2021.09.22-10.06.45:205][  0]LogConfig: Setting CVar [[r.DOF.Recombine.Quality:1                ; cheap slight out of focus]]
[2021.09.22-10.06.45:205][  0]LogConfig: Setting CVar [[r.DOF.Recombine.EnableBokehSettings:0    ; no bokeh simulation on slight out of focus]]
[2021.09.22-10.06.45:205][  0]LogConfig: Setting CVar [[r.DOF.TemporalAAQuality:1                ; more stable temporal accumulation]]
[2021.09.22-10.06.45:205][  0]LogConfig: Setting CVar [[r.DOF.Kernel.MaxForegroundRadius:0.025]]
[2021.09.22-10.06.45:205][  0]LogConfig: Setting CVar [[r.DOF.Kernel.MaxBackgroundRadius:0.025]]
[2021.09.22-10.06.45:205][  0]LogConfig: Applying CVar settings from Section [TextureQuality@3] File [C:/Users/rajes/Documents/GitHub/CT21S2-49/VR_shooter/Saved/Config/Windows/Scalability.ini]
[2021.09.22-10.06.45:205][  0]LogConfig: Setting CVar [[r.Streaming.MipBias:0]]
[2021.09.22-10.06.45:205][  0]LogConfig: Setting CVar [[r.Streaming.AmortizeCPUToGPUCopy:0]]
[2021.09.22-10.06.45:205][  0]LogConfig: Setting CVar [[r.Streaming.MaxNumTexturesToStreamPerFrame:0]]
[2021.09.22-10.06.45:205][  0]LogConfig: Setting CVar [[r.Streaming.Boost:1]]
[2021.09.22-10.06.45:205][  0]LogConfig: Setting CVar [[r.MaxAnisotropy:8]]
[2021.09.22-10.06.45:205][  0]LogConfig: Setting CVar [[r.VT.MaxAnisotropy:8]]
[2021.09.22-10.06.45:205][  0]LogConfig: Setting CVar [[r.Streaming.LimitPoolSizeToVRAM:0]]
[2021.09.22-10.06.45:205][  0]LogConfig: Setting CVar [[r.Streaming.PoolSize:1000]]
[2021.09.22-10.06.45:205][  0]LogConfig: Setting CVar [[r.Streaming.MaxEffectiveScreenSize:0]]
[2021.09.22-10.06.45:205][  0]LogConfig: Applying CVar settings from Section [EffectsQuality@3] File [C:/Users/rajes/Documents/GitHub/CT21S2-49/VR_shooter/Saved/Config/Windows/Scalability.ini]
[2021.09.22-10.06.45:205][  0]LogConfig: Setting CVar [[r.TranslucencyLightingVolumeDim:64]]
[2021.09.22-10.06.45:205][  0]LogConfig: Setting CVar [[r.RefractionQuality:2]]
[2021.09.22-10.06.45:205][  0]LogConfig: Setting CVar [[r.SSR.Quality:3]]
[2021.09.22-10.06.45:205][  0]LogConfig: Setting CVar [[r.SSR.HalfResSceneColor:0]]
[2021.09.22-10.06.45:205][  0]LogConfig: Setting CVar [[r.SceneColorFormat:4]]
[2021.09.22-10.06.45:205][  0]LogConfig: Setting CVar [[r.DetailMode:2]]
[2021.09.22-10.06.45:205][  0]LogConfig: Setting CVar [[r.TranslucencyVolumeBlur:1]]
[2021.09.22-10.06.45:205][  0]LogConfig: Setting CVar [[r.MaterialQualityLevel:1 ; High quality]]
[2021.09.22-10.06.45:205][  0]LogConfig: Setting CVar [[r.SSS.Scale:1]]
[2021.09.22-10.06.45:205][  0]LogConfig: Setting CVar [[r.SSS.SampleSet:2]]
[2021.09.22-10.06.45:205][  0]LogConfig: Setting CVar [[r.SSS.Quality:1]]
[2021.09.22-10.06.45:205][  0]LogConfig: Setting CVar [[r.SSS.HalfRes:0]]
[2021.09.22-10.06.45:205][  0]LogConfig: Setting CVar [[r.SSGI.Quality:3]]
[2021.09.22-10.06.45:205][  0]LogConfig: Setting CVar [[r.EmitterSpawnRateScale:1.0]]
[2021.09.22-10.06.45:205][  0]LogConfig: Setting CVar [[r.ParticleLightQuality:2]]
[2021.09.22-10.06.45:205][  0]LogConfig: Setting CVar [[r.SkyAtmosphere.AerialPerspectiveLUT.FastApplyOnOpaque:1 ; Always have FastSkyLUT 1 in this case to avoid wrong sky]]
[2021.09.22-10.06.45:206][  0]LogConfig: Setting CVar [[r.SkyAtmosphere.AerialPerspectiveLUT.SampleCountPerSlice:1]]
[2021.09.22-10.06.45:206][  0]LogConfig: Setting CVar [[r.SkyAtmosphere.AerialPerspectiveLUT.DepthResolution:16.0]]
[2021.09.22-10.06.45:206][  0]LogConfig: Setting CVar [[r.SkyAtmosphere.FastSkyLUT:1]]
[2021.09.22-10.06.45:206][  0]LogConfig: Setting CVar [[r.SkyAtmosphere.FastSkyLUT.SampleCountMin:4.0]]
[2021.09.22-10.06.45:206][  0]LogConfig: Setting CVar [[r.SkyAtmosphere.FastSkyLUT.SampleCountMax:32.0]]
[2021.09.22-10.06.45:206][  0]LogConfig: Setting CVar [[r.SkyAtmosphere.SampleCountMin:4.0]]
[2021.09.22-10.06.45:206][  0]LogConfig: Setting CVar [[r.SkyAtmosphere.SampleCountMax:32.0]]
[2021.09.22-10.06.45:206][  0]LogConfig: Setting CVar [[r.SkyAtmosphere.TransmittanceLUT.UseSmallFormat:0]]
[2021.09.22-10.06.45:206][  0]LogConfig: Setting CVar [[r.SkyAtmosphere.TransmittanceLUT.SampleCount:10.0]]
[2021.09.22-10.06.45:206][  0]LogConfig: Setting CVar [[r.SkyAtmosphere.MultiScatteringLUT.SampleCount:15.0]]
[2021.09.22-10.06.45:206][  0]LogConfig: Applying CVar settings from Section [FoliageQuality@3] File [C:/Users/rajes/Documents/GitHub/CT21S2-49/VR_shooter/Saved/Config/Windows/Scalability.ini]
[2021.09.22-10.06.45:206][  0]LogConfig: Setting CVar [[foliage.DensityScale:1.0]]
[2021.09.22-10.06.45:206][  0]LogConfig: Setting CVar [[grass.DensityScale:1.0]]
[2021.09.22-10.06.45:206][  0]LogConfig: Applying CVar settings from Section [ShadingQuality@3] File [C:/Users/rajes/Documents/GitHub/CT21S2-49/VR_shooter/Saved/Config/Windows/Scalability.ini]
[2021.09.22-10.06.45:206][  0]LogConfig: Setting CVar [[r.HairStrands.SkyLighting.SampleCount:16]]
[2021.09.22-10.06.45:206][  0]LogConfig: Setting CVar [[r.HairStrands.SkyLighting.JitterIntegration:0]]
[2021.09.22-10.06.45:206][  0]LogConfig: Setting CVar [[r.HairStrands.SkyAO.SampleCount:16]]
[2021.09.22-10.06.45:206][  0]LogConfig: Setting CVar [[r.HairStrands.DeepShadow.SuperSampling:0]]
[2021.09.22-10.06.45:206][  0]LogConfig: Setting CVar [[r.HairStrands.VisibilityPPLL:0]]
[2021.09.22-10.06.45:206][  0]LogConfig: Setting CVar [[r.HairStrands.RasterizationScale:0.5]]
[2021.09.22-10.06.45:206][  0]LogConfig: Setting CVar [[r.HairStrands.VelocityRasterizationScale:1]]
[2021.09.22-10.06.45:207][  0]LogInit: Selected Device Profile: [Windows]
[2021.09.22-10.06.45:207][  0]LogInit: Applying CVar settings loaded from the selected device profile: [Windows]
[2021.09.22-10.06.45:207][  0]LogHAL: Display: Platform has ~ 16 GB [16946688000 / 17179869184 / 16], which maps to Larger [LargestMinGB=32, LargerMinGB=12, DefaultMinGB=8, SmallerMinGB=6, SmallestMinGB=0)
[2021.09.22-10.06.45:208][  0]LogInit: Going up to parent DeviceProfile []
[2021.09.22-10.06.45:208][  0]LogConfig: Applying CVar settings from Section [ViewDistanceQuality@3] File [C:/Users/rajes/Documents/GitHub/CT21S2-49/VR_shooter/Saved/Config/Windows/Scalability.ini]
[2021.09.22-10.06.45:208][  0]LogConfig: Setting CVar [[r.SkeletalMeshLODBias:0]]
[2021.09.22-10.06.45:208][  0]LogConfig: Setting CVar [[r.ViewDistanceScale:1.0]]
[2021.09.22-10.06.45:208][  0]LogConfig: Applying CVar settings from Section [AntiAliasingQuality@3] File [C:/Users/rajes/Documents/GitHub/CT21S2-49/VR_shooter/Saved/Config/Windows/Scalability.ini]
[2021.09.22-10.06.45:208][  0]LogConfig: Setting CVar [[r.PostProcessAAQuality:4]]
[2021.09.22-10.06.45:208][  0]LogConfig: Applying CVar settings from Section [ShadowQuality@3] File [C:/Users/rajes/Documents/GitHub/CT21S2-49/VR_shooter/Saved/Config/Windows/Scalability.ini]
[2021.09.22-10.06.45:208][  0]LogConfig: Setting CVar [[r.LightFunctionQuality:1]]
[2021.09.22-10.06.45:208][  0]LogConfig: Setting CVar [[r.ShadowQuality:5]]
[2021.09.22-10.06.45:208][  0]LogConfig: Setting CVar [[r.Shadow.CSM.MaxCascades:10]]
[2021.09.22-10.06.45:208][  0]LogConfig: Setting CVar [[r.Shadow.MaxResolution:2048]]
[2021.09.22-10.06.45:208][  0]LogConfig: Setting CVar [[r.Shadow.MaxCSMResolution:2048]]
[2021.09.22-10.06.45:208][  0]LogConfig: Setting CVar [[r.Shadow.RadiusThreshold:0.01]]
[2021.09.22-10.06.45:208][  0]LogConfig: Setting CVar [[r.Shadow.DistanceScale:1.0]]
[2021.09.22-10.06.45:208][  0]LogConfig: Setting CVar [[r.Shadow.CSM.TransitionScale:1.0]]
[2021.09.22-10.06.45:208][  0]LogConfig: Setting CVar [[r.Shadow.PreShadowResolutionFactor:1.0]]
[2021.09.22-10.06.45:208][  0]LogConfig: Setting CVar [[r.DistanceFieldShadowing:1]]
[2021.09.22-10.06.45:208][  0]LogConfig: Setting CVar [[r.DistanceFieldAO:1]]
[2021.09.22-10.06.45:208][  0]LogConfig: Setting CVar [[r.AOQuality:2]]
[2021.09.22-10.06.45:208][  0]LogConfig: Setting CVar [[r.VolumetricFog:1]]
[2021.09.22-10.06.45:208][  0]LogConfig: Setting CVar [[r.VolumetricFog.GridPixelSize:8]]
[2021.09.22-10.06.45:208][  0]LogConfig: Setting CVar [[r.VolumetricFog.GridSizeZ:128]]
[2021.09.22-10.06.45:208][  0]LogConfig: Setting CVar [[r.VolumetricFog.HistoryMissSupersampleCount:4]]
[2021.09.22-10.06.45:208][  0]LogConfig: Setting CVar [[r.LightMaxDrawDistanceScale:1]]
[2021.09.22-10.06.45:208][  0]LogConfig: Setting CVar [[r.CapsuleShadows:1]]
[2021.09.22-10.06.45:208][  0]LogConfig: Applying CVar settings from Section [PostProcessQuality@3] File [C:/Users/rajes/Documents/GitHub/CT21S2-49/VR_shooter/Saved/Config/Windows/Scalability.ini]
[2021.09.22-10.06.45:208][  0]LogConfig: Setting CVar [[r.MotionBlurQuality:4]]
[2021.09.22-10.06.45:208][  0]LogConfig: Setting CVar [[r.AmbientOcclusionMipLevelFactor:0.4]]
[2021.09.22-10.06.45:208][  0]LogConfig: Setting CVar [[r.AmbientOcclusionMaxQuality:100]]
[2021.09.22-10.06.45:208][  0]LogConfig: Setting CVar [[r.AmbientOcclusionLevels:-1]]
[2021.09.22-10.06.45:208][  0]LogConfig: Setting CVar [[r.AmbientOcclusionRadiusScale:1.0]]
[2021.09.22-10.06.45:208][  0]LogConfig: Setting CVar [[r.DepthOfFieldQuality:2]]
[2021.09.22-10.06.45:208][  0]LogConfig: Setting CVar [[r.RenderTargetPoolMin:400]]
[2021.09.22-10.06.45:208][  0]LogConfig: Setting CVar [[r.LensFlareQuality:2]]
[2021.09.22-10.06.45:208][  0]LogConfig: Setting CVar [[r.SceneColorFringeQuality:1]]
[2021.09.22-10.06.45:208][  0]LogConfig: Setting CVar [[r.EyeAdaptationQuality:2]]
[2021.09.22-10.06.45:208][  0]LogConfig: Setting CVar [[r.BloomQuality:5]]
[2021.09.22-10.06.45:208][  0]LogConfig: Setting CVar [[r.FastBlurThreshold:100]]
[2021.09.22-10.06.45:208][  0]LogConfig: Setting CVar [[r.Upscale.Quality:3]]
[2021.09.22-10.06.45:208][  0]LogConfig: Setting CVar [[r.Tonemapper.GrainQuantization:1]]
[2021.09.22-10.06.45:208][  0]LogConfig: Setting CVar [[r.LightShaftQuality:1]]
[2021.09.22-10.06.45:208][  0]LogConfig: Setting CVar [[r.Filter.SizeScale:1]]
[2021.09.22-10.06.45:208][  0]LogConfig: Setting CVar [[r.Tonemapper.Quality:5]]
[2021.09.22-10.06.45:208][  0]LogConfig: Setting CVar [[r.DOF.Gather.AccumulatorQuality:1        ; higher gathering accumulator quality]]
[2021.09.22-10.06.45:208][  0]LogConfig: Setting CVar [[r.DOF.Gather.PostfilterMethod:1          ; Median3x3 postfilering method]]
[2021.09.22-10.06.45:208][  0]LogConfig: Setting CVar [[r.DOF.Gather.EnableBokehSettings:0       ; no bokeh simulation when gathering]]
[2021.09.22-10.06.45:208][  0]LogConfig: Setting CVar [[r.DOF.Gather.RingCount:4                 ; medium number of samples when gathering]]
[2021.09.22-10.06.45:208][  0]LogConfig: Setting CVar [[r.DOF.Scatter.ForegroundCompositing:1    ; additive foreground scattering]]
[2021.09.22-10.06.45:208][  0]LogConfig: Setting CVar [[r.DOF.Scatter.BackgroundCompositing:2    ; additive background scattering]]
[2021.09.22-10.06.45:208][  0]LogConfig: Setting CVar [[r.DOF.Scatter.EnableBokehSettings:1      ; bokeh simulation when scattering]]
[2021.09.22-10.06.45:208][  0]LogConfig: Setting CVar [[r.DOF.Scatter.MaxSpriteRatio:0.1         ; only a maximum of 10% of scattered bokeh]]
[2021.09.22-10.06.45:208][  0]LogConfig: Setting CVar [[r.DOF.Recombine.Quality:1                ; cheap slight out of focus]]
[2021.09.22-10.06.45:208][  0]LogConfig: Setting CVar [[r.DOF.Recombine.EnableBokehSettings:0    ; no bokeh simulation on slight out of focus]]
[2021.09.22-10.06.45:208][  0]LogConfig: Setting CVar [[r.DOF.TemporalAAQuality:1                ; more stable temporal accumulation]]
[2021.09.22-10.06.45:208][  0]LogConfig: Setting CVar [[r.DOF.Kernel.MaxForegroundRadius:0.025]]
[2021.09.22-10.06.45:208][  0]LogConfig: Setting CVar [[r.DOF.Kernel.MaxBackgroundRadius:0.025]]
[2021.09.22-10.06.45:208][  0]LogConfig: Applying CVar settings from Section [TextureQuality@3] File [C:/Users/rajes/Documents/GitHub/CT21S2-49/VR_shooter/Saved/Config/Windows/Scalability.ini]
[2021.09.22-10.06.45:208][  0]LogConfig: Setting CVar [[r.Streaming.MipBias:0]]
[2021.09.22-10.06.45:208][  0]LogConfig: Setting CVar [[r.Streaming.AmortizeCPUToGPUCopy:0]]
[2021.09.22-10.06.45:208][  0]LogConfig: Setting CVar [[r.Streaming.MaxNumTexturesToStreamPerFrame:0]]
[2021.09.22-10.06.45:208][  0]LogConfig: Setting CVar [[r.Streaming.Boost:1]]
[2021.09.22-10.06.45:208][  0]LogConfig: Setting CVar [[r.MaxAnisotropy:8]]
[2021.09.22-10.06.45:208][  0]LogConfig: Setting CVar [[r.VT.MaxAnisotropy:8]]
[2021.09.22-10.06.45:208][  0]LogConfig: Setting CVar [[r.Streaming.LimitPoolSizeToVRAM:0]]
[2021.09.22-10.06.45:208][  0]LogConfig: Setting CVar [[r.Streaming.PoolSize:1000]]
[2021.09.22-10.06.45:208][  0]LogConfig: Setting CVar [[r.Streaming.MaxEffectiveScreenSize:0]]
[2021.09.22-10.06.45:208][  0]LogConfig: Applying CVar settings from Section [EffectsQuality@3] File [C:/Users/rajes/Documents/GitHub/CT21S2-49/VR_shooter/Saved/Config/Windows/Scalability.ini]
[2021.09.22-10.06.45:208][  0]LogConfig: Setting CVar [[r.TranslucencyLightingVolumeDim:64]]
[2021.09.22-10.06.45:208][  0]LogConfig: Setting CVar [[r.RefractionQuality:2]]
[2021.09.22-10.06.45:208][  0]LogConfig: Setting CVar [[r.SSR.Quality:3]]
[2021.09.22-10.06.45:208][  0]LogConfig: Setting CVar [[r.SSR.HalfResSceneColor:0]]
[2021.09.22-10.06.45:208][  0]LogConfig: Setting CVar [[r.SceneColorFormat:4]]
[2021.09.22-10.06.45:208][  0]LogConfig: Setting CVar [[r.DetailMode:2]]
[2021.09.22-10.06.45:208][  0]LogConfig: Setting CVar [[r.TranslucencyVolumeBlur:1]]
[2021.09.22-10.06.45:208][  0]LogConfig: Setting CVar [[r.MaterialQualityLevel:1 ; High quality]]
[2021.09.22-10.06.45:208][  0]LogConfig: Setting CVar [[r.SSS.Scale:1]]
[2021.09.22-10.06.45:208][  0]LogConfig: Setting CVar [[r.SSS.SampleSet:2]]
[2021.09.22-10.06.45:208][  0]LogConfig: Setting CVar [[r.SSS.Quality:1]]
[2021.09.22-10.06.45:208][  0]LogConfig: Setting CVar [[r.SSS.HalfRes:0]]
[2021.09.22-10.06.45:208][  0]LogConfig: Setting CVar [[r.SSGI.Quality:3]]
[2021.09.22-10.06.45:208][  0]LogConfig: Setting CVar [[r.EmitterSpawnRateScale:1.0]]
[2021.09.22-10.06.45:208][  0]LogConfig: Setting CVar [[r.ParticleLightQuality:2]]
[2021.09.22-10.06.45:208][  0]LogConfig: Setting CVar [[r.SkyAtmosphere.AerialPerspectiveLUT.FastApplyOnOpaque:1 ; Always have FastSkyLUT 1 in this case to avoid wrong sky]]
[2021.09.22-10.06.45:208][  0]LogConfig: Setting CVar [[r.SkyAtmosphere.AerialPerspectiveLUT.SampleCountPerSlice:1]]
[2021.09.22-10.06.45:208][  0]LogConfig: Setting CVar [[r.SkyAtmosphere.AerialPerspectiveLUT.DepthResolution:16.0]]
[2021.09.22-10.06.45:208][  0]LogConfig: Setting CVar [[r.SkyAtmosphere.FastSkyLUT:1]]
[2021.09.22-10.06.45:208][  0]LogConfig: Setting CVar [[r.SkyAtmosphere.FastSkyLUT.SampleCountMin:4.0]]
[2021.09.22-10.06.45:208][  0]LogConfig: Setting CVar [[r.SkyAtmosphere.FastSkyLUT.SampleCountMax:32.0]]
[2021.09.22-10.06.45:208][  0]LogConfig: Setting CVar [[r.SkyAtmosphere.SampleCountMin:4.0]]
[2021.09.22-10.06.45:208][  0]LogConfig: Setting CVar [[r.SkyAtmosphere.SampleCountMax:32.0]]
[2021.09.22-10.06.45:208][  0]LogConfig: Setting CVar [[r.SkyAtmosphere.TransmittanceLUT.UseSmallFormat:0]]
[2021.09.22-10.06.45:208][  0]LogConfig: Setting CVar [[r.SkyAtmosphere.TransmittanceLUT.SampleCount:10.0]]
[2021.09.22-10.06.45:208][  0]LogConfig: Setting CVar [[r.SkyAtmosphere.MultiScatteringLUT.SampleCount:15.0]]
[2021.09.22-10.06.45:208][  0]LogConfig: Applying CVar settings from Section [FoliageQuality@3] File [C:/Users/rajes/Documents/GitHub/CT21S2-49/VR_shooter/Saved/Config/Windows/Scalability.ini]
[2021.09.22-10.06.45:208][  0]LogConfig: Setting CVar [[foliage.DensityScale:1.0]]
[2021.09.22-10.06.45:208][  0]LogConfig: Setting CVar [[grass.DensityScale:1.0]]
[2021.09.22-10.06.45:208][  0]LogConfig: Applying CVar settings from Section [ShadingQuality@3] File [C:/Users/rajes/Documents/GitHub/CT21S2-49/VR_shooter/Saved/Config/Windows/Scalability.ini]
[2021.09.22-10.06.45:208][  0]LogConfig: Setting CVar [[r.HairStrands.SkyLighting.SampleCount:16]]
[2021.09.22-10.06.45:208][  0]LogConfig: Setting CVar [[r.HairStrands.SkyLighting.JitterIntegration:0]]
[2021.09.22-10.06.45:208][  0]LogConfig: Setting CVar [[r.HairStrands.SkyAO.SampleCount:16]]
[2021.09.22-10.06.45:208][  0]LogConfig: Setting CVar [[r.HairStrands.DeepShadow.SuperSampling:0]]
[2021.09.22-10.06.45:208][  0]LogConfig: Setting CVar [[r.HairStrands.VisibilityPPLL:0]]
[2021.09.22-10.06.45:208][  0]LogConfig: Setting CVar [[r.HairStrands.RasterizationScale:0.5]]
[2021.09.22-10.06.45:208][  0]LogConfig: Setting CVar [[r.HairStrands.VelocityRasterizationScale:1]]
[2021.09.22-10.06.45:208][  0]LogConfig: Applying CVar settings from Section [Startup] File [../../../Engine/Config/ConsoleVariables.ini]
[2021.09.22-10.06.45:209][  0]LogConfig: Setting CVar [[net.UseAdaptiveNetUpdateFrequency:0]]
[2021.09.22-10.06.45:209][  0]LogConfig: Setting CVar [[p.chaos.AllowCreatePhysxBodies:1]]
[2021.09.22-10.06.45:209][  0]LogConfig: Setting CVar [[fx.SkipVectorVMBackendOptimizations:1]]
[2021.09.22-10.06.45:209][  0]LogConfig: Applying CVar settings from Section [ConsoleVariables] File [C:/Users/rajes/Documents/GitHub/CT21S2-49/VR_shooter/Saved/Config/Windows/Engine.ini]
[2021.09.22-10.06.45:209][  0]LogInit: Computer: DESKTOP-B4E0UH4
[2021.09.22-10.06.45:209][  0]LogInit: User: rajes
[2021.09.22-10.06.45:209][  0]LogInit: CPU Page size=4096, Cores=4
[2021.09.22-10.06.45:209][  0]LogInit: High frequency timer resolution =10.000000 MHz
[2021.09.22-10.06.45:209][  0]LogMemory: Memory total: Physical=15.8GB (16GB approx)
[2021.09.22-10.06.45:209][  0]LogMemory: Platform Memory Stats for Windows
[2021.09.22-10.06.45:209][  0]LogMemory: Process Physical Memory: 117.76 MB used, 117.76 MB peak
[2021.09.22-10.06.45:209][  0]LogMemory: Process Virtual Memory: 95.84 MB used, 95.84 MB peak
[2021.09.22-10.06.45:209][  0]LogMemory: Physical Memory: 6391.64 MB used,  9769.98 MB free, 16161.62 MB total
[2021.09.22-10.06.45:209][  0]LogMemory: Virtual Memory: 5145.66 MB used,  134212584.00 MB free, 134217728.00 MB total
[2021.09.22-10.06.45:214][  0]LogWindows: WindowsPlatformFeatures enabled
[2021.09.22-10.06.45:316][  0]LogInit: Physics initialised using underlying interface: PhysX
[2021.09.22-10.06.45:319][  0]LogInit: Using OS detected language (en-US).
[2021.09.22-10.06.45:319][  0]LogInit: Using OS detected locale (en-AU).
[2021.09.22-10.06.45:335][  0]LogTextLocalizationManager: No specific localization for 'en-US' exists, so the 'en' localization will be used.
[2021.09.22-10.06.45:545][  0]LogInit: Setting process to per monitor DPI aware
[2021.09.22-10.06.45:606][  0]LogSlate: New Slate User Created.  User Index 0, Is Virtual User: 0
[2021.09.22-10.06.45:606][  0]LogSlate: Slate User Registered.  User Index 0, Is Virtual User: 0
[2021.09.22-10.06.45:891][  0]LogHMD: Failed to initialize OpenVR with code 110
[2021.09.22-10.06.45:892][  0]LogD3D11RHI: D3D11 min allowed feature level: 11_0
[2021.09.22-10.06.45:892][  0]LogD3D11RHI: D3D11 max allowed feature level: 11_0
[2021.09.22-10.06.45:892][  0]LogD3D11RHI: D3D11 adapters:
[2021.09.22-10.06.45:948][  0]LogD3D11RHI:    0. 'Intel(R) UHD Graphics' (Feature Level 11_0)
[2021.09.22-10.06.45:948][  0]LogD3D11RHI:       128/0/8080 MB DedicatedVideo/DedicatedSystem/SharedSystem, Outputs:2, VendorId:0x8086
[2021.09.22-10.06.45:952][  0]LogD3D11RHI:    1. 'Microsoft Basic Render Driver' (Feature Level 11_0)
[2021.09.22-10.06.45:952][  0]LogD3D11RHI:       0/0/8080 MB DedicatedVideo/DedicatedSystem/SharedSystem, Outputs:0, VendorId:0x1414
[2021.09.22-10.06.46:000][  0]LogD3D11RHI:    2. 'Intel(R) UHD Graphics' (Feature Level 11_0)
[2021.09.22-10.06.46:000][  0]LogD3D11RHI:       128/0/8080 MB DedicatedVideo/DedicatedSystem/SharedSystem, Outputs:0, VendorId:0x8086
[2021.09.22-10.06.46:000][  0]LogD3D11RHI: Chosen D3D11 Adapter: 0
[2021.09.22-10.06.46:006][  0]LogD3D11RHI: Creating new Direct3DDevice
[2021.09.22-10.06.46:006][  0]LogD3D11RHI:     GPU DeviceId: 0x9b41 (for the marketing name, search the web for "GPU Device Id")
[2021.09.22-10.06.46:006][  0]LogWindows: EnumDisplayDevices:
[2021.09.22-10.06.46:006][  0]LogWindows:    0. 'Intel(R) UHD Graphics' (P:1 D:1)
[2021.09.22-10.06.46:006][  0]LogWindows:    1. 'Intel(R) UHD Graphics' (P:0 D:1)
[2021.09.22-10.06.46:006][  0]LogWindows:    2. 'Intel(R) UHD Graphics' (P:0 D:0)
[2021.09.22-10.06.46:007][  0]LogWindows:    3. 'spacedesk Graphics Adapter' (P:0 D:0)
[2021.09.22-10.06.46:007][  0]LogWindows:    4. 'spacedesk Graphics Adapter' (P:0 D:0)
[2021.09.22-10.06.46:007][  0]LogWindows:    5. 'spacedesk Graphics Adapter' (P:0 D:0)
[2021.09.22-10.06.46:007][  0]LogWindows:    6. 'spacedesk Graphics Adapter' (P:0 D:0)
[2021.09.22-10.06.46:007][  0]LogWindows:    7. 'spacedesk Graphics Adapter' (P:0 D:0)
[2021.09.22-10.06.46:007][  0]LogWindows:    8. 'spacedesk Graphics Adapter' (P:0 D:0)
[2021.09.22-10.06.46:007][  0]LogWindows:    9. 'spacedesk Graphics Adapter' (P:0 D:0)
[2021.09.22-10.06.46:008][  0]LogWindows:    10. 'spacedesk Graphics Adapter' (P:0 D:0)
[2021.09.22-10.06.46:008][  0]LogWindows:    11. 'spacedesk Graphics Adapter' (P:0 D:0)
[2021.09.22-10.06.46:008][  0]LogWindows:    12. 'spacedesk Graphics Adapter' (P:0 D:0)
[2021.09.22-10.06.46:008][  0]LogWindows:    13. 'spacedesk Graphics Adapter' (P:0 D:0)
[2021.09.22-10.06.46:008][  0]LogWindows:    14. 'spacedesk Graphics Adapter' (P:0 D:0)
[2021.09.22-10.06.46:008][  0]LogWindows:    15. 'spacedesk Graphics Adapter' (P:0 D:0)
[2021.09.22-10.06.46:008][  0]LogWindows:    16. 'spacedesk Graphics Adapter' (P:0 D:0)
[2021.09.22-10.06.46:008][  0]LogWindows:    17. 'spacedesk Graphics Adapter' (P:0 D:0)
[2021.09.22-10.06.46:009][  0]LogWindows:    18. 'spacedesk Graphics Adapter' (P:0 D:0)
[2021.09.22-10.06.46:009][  0]LogWindows: DebugString: GetVideoDriverDetailsInvalid PrimaryIsNotTheChoosenAdapter GetVideoDriverDetailsInvalid PrimaryIsNotTheChoosenAdapter GetVideoDriverDetailsInvalid PrimaryIsNotTheChoosenAdapter GetVideoDriverDetailsInvalid PrimaryIsNotTheChoosenAdapter GetVideoDriverDetailsInvalid PrimaryIsNotTheChoosenAdapter GetVideoDriverDetailsInvalid PrimaryIsNotTheChoosenAdapter GetVideoDriverDetailsInvalid PrimaryIsNotTheChoosenAdapter GetVideoDriverDetailsInvalid PrimaryIsNotTheChoosenAdapter GetVideoDriverDetailsInvalid PrimaryIsNotTheChoosenAdapter GetVideoDriverDetailsInvalid PrimaryIsNotTheChoosenAdapter GetVideoDriverDetailsInvalid PrimaryIsNotTheChoosenAdapter GetVideoDriverDetailsInvalid PrimaryIsNotTheChoosenAdapter GetVideoDriverDetailsInvalid PrimaryIsNotTheChoosenAdapter GetVideoDriverDetailsInvalid PrimaryIsNotTheChoosenAdapter GetVideoDriverDetailsInvalid PrimaryIsNotTheChoosenAdapter GetVideoDriverDetailsInvalid PrimaryIsNotTheChoosenAdapter FoundDriverCount:3 
[2021.09.22-10.06.46:009][  0]LogD3D11RHI:     Adapter Name: Intel(R) UHD Graphics
[2021.09.22-10.06.46:009][  0]LogD3D11RHI:   Driver Version: 27.20.100.9268 (internal:27.20.100.9268, unified:27.20.100.9268)
[2021.09.22-10.06.46:009][  0]LogD3D11RHI:      Driver Date: 2-5-2021
[2021.09.22-10.06.46:009][  0]LogRHI: Texture pool is 1523 MB (70% of 2176 MB)
[2021.09.22-10.06.46:136][  0]LogD3D11RHI: RHI does not have support for 64 bit atomics
[2021.09.22-10.06.46:141][  0]LogD3D11RHI: [IntelMetricsDiscovery] Started
[2021.09.22-10.06.46:141][  0]LogD3D11RHI: Async texture creation enabled
[2021.09.22-10.06.46:141][  0]LogD3D11RHI: Array index from any shader is supported
[2021.09.22-10.06.46:155][  0]LogD3D11RHI: GPU Timing Frequency: 12.000048 (Debug: 2 0)
[2021.09.22-10.06.46:449][  0]LogTargetPlatformManager: Display: Loaded TargetPlatform 'AllDesktop'
[2021.09.22-10.06.46:470][  0]LogTargetPlatformManager: Display: Loaded TargetPlatform 'Android'
[2021.09.22-10.06.46:470][  0]LogTargetPlatformManager: Display: Loaded TargetPlatform 'Android_ASTC'
[2021.09.22-10.06.46:470][  0]LogTargetPlatformManager: Display: Loaded TargetPlatform 'Android_DXT'
[2021.09.22-10.06.46:470][  0]LogTargetPlatformManager: Display: Loaded TargetPlatform 'Android_ETC2'
[2021.09.22-10.06.46:470][  0]LogTargetPlatformManager: Display: Loaded TargetPlatform 'AndroidClient'
[2021.09.22-10.06.46:470][  0]LogTargetPlatformManager: Display: Loaded TargetPlatform 'Android_ASTCClient'
[2021.09.22-10.06.46:470][  0]LogTargetPlatformManager: Display: Loaded TargetPlatform 'Android_DXTClient'
[2021.09.22-10.06.46:470][  0]LogTargetPlatformManager: Display: Loaded TargetPlatform 'Android_ETC2Client'
[2021.09.22-10.06.46:470][  0]LogTargetPlatformManager: Display: Loaded TargetPlatform 'Android_Multi'
[2021.09.22-10.06.46:470][  0]LogTargetPlatformManager: Display: Loaded TargetPlatform 'Android_MultiClient'
[2021.09.22-10.06.46:502][  0]LogTargetPlatformManager: Display: Loaded TargetPlatform 'IOSClient'
[2021.09.22-10.06.46:502][  0]LogTargetPlatformManager: Display: Loaded TargetPlatform 'IOS'
[2021.09.22-10.06.46:514][  0]LogTargetPlatformManager: Display: Loaded TargetPlatform 'Linux'
[2021.09.22-10.06.46:523][  0]LogTargetPlatformManager: Display: Loaded TargetPlatform 'LinuxNoEditor'
[2021.09.22-10.06.46:533][  0]LogTargetPlatformManager: Display: Loaded TargetPlatform 'LinuxClient'
[2021.09.22-10.06.46:544][  0]LogTargetPlatformManager: Display: Loaded TargetPlatform 'LinuxServer'
[2021.09.22-10.06.46:557][  0]LogTargetPlatformManager: Display: Loaded TargetPlatform 'LinuxAArch64NoEditor'
[2021.09.22-10.06.46:569][  0]LogTargetPlatformManager: Display: Loaded TargetPlatform 'LinuxAArch64Client'
[2021.09.22-10.06.46:580][  0]LogTargetPlatformManager: Display: Loaded TargetPlatform 'LinuxAArch64Server'
[2021.09.22-10.06.46:605][  0]LogTargetPlatformManager: Display: Loaded TargetPlatform 'Lumin'
[2021.09.22-10.06.46:605][  0]LogTargetPlatformManager: Display: Loaded TargetPlatform 'LuminClient'
[2021.09.22-10.06.46:621][  0]LogTargetPlatformManager: Display: Loaded TargetPlatform 'TVOSClient'
[2021.09.22-10.06.46:621][  0]LogTargetPlatformManager: Display: Loaded TargetPlatform 'TVOS'
[2021.09.22-10.06.46:632][  0]LogTargetPlatformManager: Display: Loaded TargetPlatform 'WindowsNoEditor'
[2021.09.22-10.06.46:642][  0]LogTargetPlatformManager: Display: Loaded TargetPlatform 'Windows'
[2021.09.22-10.06.46:652][  0]LogTargetPlatformManager: Display: Loaded TargetPlatform 'WindowsClient'
[2021.09.22-10.06.46:662][  0]LogTargetPlatformManager: Display: Loaded TargetPlatform 'WindowsServer'
[2021.09.22-10.06.46:662][  0]LogTargetPlatformManager: Display: Building Assets For Windows
[2021.09.22-10.06.46:675][  0]LogAudioDebug: Display: Lib vorbis DLL was dynamically loaded.
[2021.09.22-10.06.46:768][  0]LogShaderCompilers: Guid format shader working directory is -22 characters bigger than the processId version (../../../../../../Users/rajes/Documents/GitHub/CT21S2-49/VR_shooter/Intermediate/Shaders/WorkingDirectory/22048/).
[2021.09.22-10.06.46:768][  0]LogShaderCompilers: Cleaned the shader compiler working directory 'C:/Users/rajes/AppData/Local/Temp/UnrealShaderWorkingDir/6EB9DBD5459736432B2DCEAE1BB0D20D/'.
[2021.09.22-10.06.46:770][  0]LogXGEController: Cleaning working directory: C:/Users/rajes/AppData/Local/Temp/UnrealXGEWorkingDir/
[2021.09.22-10.06.46:770][  0]LogXGEController: Cannot use XGE Controller as Incredibuild is not installed on this machine.
[2021.09.22-10.06.46:770][  0]LogShaderCompilers: Cannot use XGE Shader Compiler as Incredibuild is not installed on this machine.
[2021.09.22-10.06.46:770][  0]LogShaderCompilers: Display: Using Local Shader Compiler.
[2021.09.22-10.06.47:572][  0]LogDerivedDataCache: Display: Max Cache Size: 512 MB
[2021.09.22-10.06.47:649][  0]LogDerivedDataCache: Loaded boot cache 0.08s 75MB C:/Users/rajes/AppData/Local/UnrealEngine/4.25/DerivedDataCache/Boot.ddc.
[2021.09.22-10.06.47:649][  0]LogDerivedDataCache: Display: Loaded Boot cache: C:/Users/rajes/AppData/Local/UnrealEngine/4.25/DerivedDataCache/Boot.ddc
[2021.09.22-10.06.47:649][  0]LogDerivedDataCache: FDerivedDataBackendGraph:  Pak pak cache file ../../../../../../Users/rajes/Documents/GitHub/CT21S2-49/VR_shooter/DerivedDataCache/DDC.ddp not found, will not use a pak cache.
[2021.09.22-10.06.47:649][  0]LogDerivedDataCache: Unable to find inner node Pak for hierarchical cache Hierarchy.
[2021.09.22-10.06.47:649][  0]LogDerivedDataCache: FDerivedDataBackendGraph:  CompressedPak pak cache file ../../../../../../Users/rajes/Documents/GitHub/CT21S2-49/VR_shooter/DerivedDataCache/Compressed.ddp not found, will not use a pak cache.
[2021.09.22-10.06.47:649][  0]LogDerivedDataCache: Unable to find inner node CompressedPak for hierarchical cache Hierarchy.
[2021.09.22-10.06.47:659][  0]LogDerivedDataCache: Display: Pak cache opened for reading ../../../Engine/DerivedDataCache/Compressed.ddp.
[2021.09.22-10.06.47:659][  0]LogDerivedDataCache: FDerivedDataBackendGraph:  EnterprisePak pak cache file ../../../Enterprise/DerivedDataCache/Compressed.ddp not found, will not use a pak cache.
[2021.09.22-10.06.47:659][  0]LogDerivedDataCache: Unable to find inner node EnterprisePak for hierarchical cache Hierarchy.
[2021.09.22-10.06.47:662][  0]LogDerivedDataCache: Using Local data cache path C:/Users/rajes/AppData/Local/UnrealEngine/Common/DerivedDataCache: Writable
[2021.09.22-10.06.47:662][  0]LogDerivedDataCache: Shared data cache path not found in *engine.ini, will not use an Shared cache.
[2021.09.22-10.06.47:662][  0]LogDerivedDataCache: Unable to find inner node Shared for hierarchical cache Hierarchy.
[2021.09.22-10.06.47:712][  0]LogSlate: Using FreeType 2.10.0
[2021.09.22-10.06.47:716][  0]LogSlate: SlateFontServices - WITH_FREETYPE: 1, WITH_HARFBUZZ: 1
[2021.09.22-10.06.47:750][  0]LogAssetRegistry: FAssetRegistry took 0.0038 seconds to start up
[2021.09.22-10.06.48:016][  0]LogInit: Selected Device Profile: [Windows]
[2021.09.22-10.06.48:188][  0]LogMeshReduction: Using QuadricMeshReduction for automatic static mesh reduction
[2021.09.22-10.06.48:188][  0]LogMeshReduction: Using SimplygonMeshReduction for automatic skeletal mesh reduction
[2021.09.22-10.06.48:188][  0]LogMeshReduction: Using ProxyLODMeshReduction for automatic mesh merging
[2021.09.22-10.06.48:188][  0]LogMeshReduction: No distributed automatic mesh merging module available
[2021.09.22-10.06.48:188][  0]LogMeshMerging: No distributed automatic mesh merging module available
[2021.09.22-10.06.48:218][  0]LogNetVersion: VR_shooter 1.0.0, NetCL: 13144385, EngineNetVer: 14, GameNetVer: 0 (Checksum: 251826052)
[2021.09.22-10.06.48:776][  0]LogAISub: UAISubsystem::UAISubsystem AISubsystem (0000029309355CC0), frame # 0
[2021.09.22-10.06.48:776][  0]LogAISub: UAISubsystem::UAISubsystem AIPerceptionSystem (000002930A253EC0), frame # 0
[2021.09.22-10.06.48:779][  0]LogAISub: UAISubsystem::UAISubsystem EnvQueryManager (0000029309318800), frame # 0
[2021.09.22-10.06.48:830][  0]LogPackageLocalizationCache: Processed 19 localized package path(s) for 1 prioritized culture(s) in 0.033248 seconds
[2021.09.22-10.06.48:836][  0]LogUObjectArray: 15913 objects as part of root set at end of initial load.
[2021.09.22-10.06.48:836][  0]LogUObjectAllocator: 3964304 out of 0 bytes used by permanent object pool.
[2021.09.22-10.06.48:836][  0]LogUObjectArray: CloseDisregardForGC: 0/0 objects in disregard for GC pool
[2021.09.22-10.06.49:451][  0]LogTcpMessaging: Initializing TcpMessaging bridge
[2021.09.22-10.06.49:458][  0]LogUdpMessaging: Initializing bridge on interface 0.0.0.0:0 to multicast group 230.0.0.1:6666.
[2021.09.22-10.06.49:577][  0]SourceControl: Source control is disabled
[2021.09.22-10.06.49:577][  0]SourceControl: Source control is disabled
[2021.09.22-10.06.49:586][  0]SourceControl: Source control is disabled
[2021.09.22-10.06.49:592][  0]SourceControl: Source control is disabled
[2021.09.22-10.06.49:602][  0]SourceControl: Source control is disabled
[2021.09.22-10.06.49:975][  0]LogAndroidPermission: UAndroidPermissionCallbackProxy::GetInstance
[2021.09.22-10.06.49:999][  0]LogAudioCaptureCore: Display: No Audio Capture implementations found. Audio input will be silent.
[2021.09.22-10.06.49:999][  0]LogAudioCaptureCore: Display: No Audio Capture implementations found. Audio input will be silent.
[2021.09.22-10.06.50:059][  0]LogOcInput: OculusInput pre-init called
[2021.09.22-10.06.50:075][  0]LogWindows: Failed to load 'OVRPlugin.dll' (GetLastError=126)
[2021.09.22-10.06.50:075][  0]LogWindows: File 'OVRPlugin.dll' does not exist
[2021.09.22-10.06.50:172][  0]LogEngine: Initializing Engine...
[2021.09.22-10.06.50:173][  0]LogHMD: Failed to initialize OpenVR with code 110
[2021.09.22-10.06.50:173][  0]LogMagicLeap: Warning: VR disabled because ZI is not enabled.  To enable, in the editor, Edit -> Project Settings -> Plugins -> Magic Leap Plugin -> Enable Zero Iteration
[2021.09.22-10.06.50:175][  0]LogStats: UGameplayTagsManager::InitializeManager -  0.001 s
[2021.09.22-10.06.50:270][  0]LogInit: Initializing FReadOnlyCVARCache
[2021.09.22-10.06.50:300][  0]LogAIModule: Creating AISystem for world Untitled
[2021.09.22-10.06.50:300][  0]LogAISub: UAISubsystem::UAISubsystem EnvQueryManager (000002930F5B5C00), frame # 0
[2021.09.22-10.06.50:301][  0]LogAISub: UAISubsystem::UAISubsystem AIPerceptionSystem (000002930F5DE840), frame # 0
[2021.09.22-10.06.50:311][  0]LogAudioMixer: Display: Audio Mixer Platform Settings:
[2021.09.22-10.06.50:311][  0]LogAudioMixer: Display: 	Sample Rate:						  48000
[2021.09.22-10.06.50:311][  0]LogAudioMixer: Display: 	Callback Buffer Frame Size Requested: 1024
[2021.09.22-10.06.50:311][  0]LogAudioMixer: Display: 	Callback Buffer Frame Size To Use:	  1024
[2021.09.22-10.06.50:311][  0]LogAudioMixer: Display: 	Number of buffers to queue:			  2
[2021.09.22-10.06.50:311][  0]LogAudioMixer: Display: 	Max Channels (voices):				  32
[2021.09.22-10.06.50:311][  0]LogAudioMixer: Display: 	Number of Async Source Workers:		  0
[2021.09.22-10.06.50:311][  0]LogAudio: Display: AudioDevice MaxSources: 32
[2021.09.22-10.06.50:312][  0]LogAudio: Display: Using built-in audio occlusion.
[2021.09.22-10.06.50:312][  0]LogAudioMixer: Display: Initializing audio mixer.
[2021.09.22-10.06.50:329][  0]LogAudioMixer: Display: 0: FrontLeft
[2021.09.22-10.06.50:329][  0]LogAudioMixer: Display: 1: FrontRight
[2021.09.22-10.06.50:360][  0]LogAudioMixer: Display: Using Audio Device Speakers (USB Audio Device)
[2021.09.22-10.06.50:362][  0]LogAudioMixer: Display: Initializing Sound Submixes...
[2021.09.22-10.06.50:364][  0]LogAudioMixer: Display: Creating Master Submix 'MasterSubmixDefault'
[2021.09.22-10.06.50:364][  0]LogAudioMixer: Display: Creating Master Submix 'MasterReverbSubmixDefault'
[2021.09.22-10.06.50:365][  0]LogAudioMixer: Display: Creating Master Submix 'MasterEQSubmixDefault'
[2021.09.22-10.06.50:366][  0]LogInit: FAudioDevice initialized.
[2021.09.22-10.06.50:367][  0]LogNetVersion: Set ProjectVersion to 1.0.0.0. Version Checksum will be recalculated on next use.
[2021.09.22-10.06.50:413][  0]LogDerivedDataCache: Saved boot cache 0.05s 75MB C:/Users/rajes/AppData/Local/UnrealEngine/4.25/DerivedDataCache/Boot.ddc.
[2021.09.22-10.06.50:413][  0]LogInit: Texture streaming: Enabled
[2021.09.22-10.06.50:433][  0]LogEngineSessionManager: EngineSessionManager initialized
[2021.09.22-10.06.50:433][  0]LogEditorSessionSummary: Verbose: Initializing EditorSessionSummaryWriter for editor session tracking
[2021.09.22-10.06.50:437][  0]LogEditorSessionSummary: EditorSessionSummaryWriter initialized
[2021.09.22-10.06.50:478][  0]LogInit: Transaction tracking system initialized
[2021.09.22-10.06.50:515][  0]BlueprintLog: New page: Editor Load
[2021.09.22-10.06.50:652][  0]LocalizationService: Localization service is disabled
[2021.09.22-10.06.50:850][  0]LogCook: Display: Max memory allowance for cook 16384mb min free memory 0mb
[2021.09.22-10.06.50:850][  0]LogCook: Display: Mobile HDR setting 1
[2021.09.22-10.06.51:039][  0]LogFileCache: Scanning file cache for directory 'C:/Users/rajes/Documents/GitHub/CT21S2-49/VR_shooter/Content/' took 0.00s
[2021.09.22-10.06.51:251][  0]SourceControl: Source control is disabled
[2021.09.22-10.06.51:251][  0]LogUnrealEdMisc: Loading editor; pre map load, took 10.163
[2021.09.22-10.06.51:252][  0]Cmd: MAP LOAD FILE="../../../../../../Users/rajes/Documents/GitHub/CT21S2-49/VR_shooter/Content/Level_0.umap" TEMPLATE=0 SHOWPROGRESS=1 FEATURELEVEL=3
[2021.09.22-10.06.51:253][  0]LightingResults: New page: Lighting Build
[2021.09.22-10.06.51:258][  0]LogWorld: UWorld::CleanupWorld for Untitled, bSessionEnded=true, bCleanupResources=true
[2021.09.22-10.06.51:258][  0]LogSlate: InvalidateAllWidgets triggered.  All widgets were invalidated
[2021.09.22-10.06.51:258][  0]MapCheck: New page: Map Check
[2021.09.22-10.06.51:258][  0]LightingResults: New page: Lighting Build
[2021.09.22-10.06.51:269][  0]LogAISub: UAISubsystem::~UAISubsystem EnvQueryManager (000002930F5B5C00), frame # 0
[2021.09.22-10.06.51:269][  0]LogAISub: UAISubsystem::~UAISubsystem AIPerceptionSystem (000002930F5DE840), frame # 0
[2021.09.22-10.06.51:269][  0]LogUObjectHash: Compacting FUObjectHashTables data took   0.54ms
[2021.09.22-10.06.55:914][  0]LogTexture: Display: Building textures: LQ_Lightmap_1_2 (DXT1, 64X64)
[2021.09.22-10.06.55:914][  0]LogTexture: Display: Building textures: HQ_Lightmap1_2 (AutoDXT, 64X64)
[2021.09.22-10.06.55:914][  0]LogTexture: Display: Building textures: HQ_Lightmap1_1 (AutoDXT, 512X512)
[2021.09.22-10.06.55:914][  0]LogTexture: Display: Building textures: LQ_Lightmap_1_1 (DXT1, 512X512)
[2021.09.22-10.06.55:914][  0]LogTexture: Display: Building textures: ShadowMapTexture2D_2 (G8, 512X128)
[2021.09.22-10.06.55:915][  0]LogTexture: Display: Building textures: ShadowMapTexture2D_3 (G8, 32X32)
[2021.09.22-10.06.55:915][  0]LogTexture: Display: Building textures: T_Man_Cloth_Down_Ao (BGRA8, 4096X4096)
[2021.09.22-10.06.55:915][  0]LogTexture: Display: Building textures: T_Man_Cloth_Down_Albedo_02 (AutoDXT, 4096X4096)
[2021.09.22-10.06.55:915][  0]LogTexture: Display: Building textures: T_Man_Cloth_Down_Metallic (AutoDXT, 4096X4096)
[2021.09.22-10.06.55:915][  0]LogTexture: Display: Building textures: T_Man_Cloth_Down_Normals (BC5, 4096X4096)
[2021.09.22-10.06.55:915][  0]LogMaterial: Display: Missing cached shader map for material M_Man_Cloth_Down_02, compiling. 
[2021.09.22-10.06.55:959][  0]LogMaterial: Display: Missing cached shader map for material ScopeHandle, compiling. 
[2021.09.22-10.06.55:967][  0]LogShaderCompilers: Display: Worker (1/5): shaders left to compile 20
[2021.09.22-10.06.55:967][  0]LogShaderCompilers: Display: Worker (2/5): shaders left to compile 15
[2021.09.22-10.06.55:967][  0]LogShaderCompilers: Display: Worker (3/5): shaders left to compile 10
[2021.09.22-10.06.55:967][  0]LogShaderCompilers: Display: Worker (4/5): shaders left to compile 5
[2021.09.22-10.06.55:967][  0]LogMaterial: Display: Missing cached shader map for material Barrel, compiling. 
[2021.09.22-10.06.55:980][  0]LogAIModule: Creating AISystem for world Level_0
[2021.09.22-10.06.55:981][  0]LogAISub: UAISubsystem::UAISubsystem EnvQueryManager (0000029316F33E00), frame # 0
[2021.09.22-10.06.55:981][  0]LogAISub: UAISubsystem::UAISubsystem AIPerceptionSystem (000002930F5C7880), frame # 0
[2021.09.22-10.06.55:989][  0]LogShaderCompilers: Display: Worker (5/5): shaders left to compile 30
[2021.09.22-10.06.56:000][  0]LogMaterial: Display: Material /Game/Shooter_assets/Guns/ScopeHandle.ScopeHandle needed to have new flag set bUsedWithStaticLighting !
[2021.09.22-10.06.56:002][  0]LogMaterial: Display: Missing cached shader map for material ScopeHandle, compiling. 
[2021.09.22-10.06.56:032][  0]MapCheck: Warning: ScopeHandle Material /Game/Shooter_assets/Guns/ScopeHandle.ScopeHandle was missing the usage flag bUsedWithStaticLighting. If the material asset is not re-saved, it may not render correctly when run outside the editor. Fix
[2021.09.22-10.06.56:032][  0]LogMaterial: Display: Material /Game/Man/Materials/M_Man_Cloth_Down_02.M_Man_Cloth_Down_02 needed to have new flag set bUsedWithStaticLighting !
[2021.09.22-10.06.56:033][  0]LogMaterial: Display: Missing cached shader map for material M_Man_Cloth_Down_02, compiling. 
[2021.09.22-10.06.56:047][  0]MapCheck: Warning: M_Man_Cloth_Down_02 Material /Game/Man/Materials/M_Man_Cloth_Down_02.M_Man_Cloth_Down_02 was missing the usage flag bUsedWithStaticLighting. If the material asset is not re-saved, it may not render correctly when run outside the editor. Fix
[2021.09.22-10.06.56:047][  0]LogMaterial: Display: Material /Game/Shooter_assets/Guns/Barrel.Barrel needed to have new flag set bUsedWithStaticLighting !
[2021.09.22-10.06.56:048][  0]LogMaterial: Display: Missing cached shader map for material Barrel, compiling. 
[2021.09.22-10.06.56:061][  0]MapCheck: Warning: Barrel Material /Game/Shooter_assets/Guns/Barrel.Barrel was missing the usage flag bUsedWithStaticLighting. If the material asset is not re-saved, it may not render correctly when run outside the editor. Fix
[2021.09.22-10.06.56:067][  0]LogEditorServer: Finished looking for orphan Actors (0.000 secs)
[2021.09.22-10.06.56:143][  0]LogUObjectHash: Compacting FUObjectHashTables data took   1.01ms
[2021.09.22-10.06.56:143][  0]Cmd: MAP CHECKDEP NOCLEARLOG
[2021.09.22-10.06.56:144][  0]MapCheck: Map check complete: 0 Error(s), 3 Warning(s), took 0.341ms to complete.
[2021.09.22-10.06.56:153][  0]LogFileHelpers: Loading map 'Level_0' took 4.902
[2021.09.22-10.06.56:172][  0]LogUnrealEdMisc: Total Editor Startup Time, took 15.084
[2021.09.22-10.06.56:327][  0]LogSlate: Updating window title bar state: overlay mode, drag disabled, window buttons hidden, title bar hidden
[2021.09.22-10.06.56:338][  0]LogSlate: Updating window title bar state: overlay mode, drag disabled, window buttons hidden, title bar hidden
[2021.09.22-10.06.56:348][  0]LogSlate: Updating window title bar state: overlay mode, drag disabled, window buttons hidden, title bar hidden
[2021.09.22-10.06.56:359][  0]LogSlate: Updating window title bar state: overlay mode, drag disabled, window buttons hidden, title bar hidden
[2021.09.22-10.06.56:378][  0]LogCollectionManager: Loaded 0 collections in 0.002339 seconds
[2021.09.22-10.06.56:415][  0]LogFileCache: Scanning file cache for directory 'C:/Users/rajes/Documents/GitHub/CT21S2-49/VR_shooter/Saved/Collections/' took 0.00s
[2021.09.22-10.06.56:415][  0]LogFileCache: Scanning file cache for directory 'C:/Users/rajes/Documents/GitHub/CT21S2-49/VR_shooter/Content/Developers/rajes/Collections/' took 0.00s
[2021.09.22-10.06.56:415][  0]LogFileCache: Scanning file cache for directory 'C:/Users/rajes/Documents/GitHub/CT21S2-49/VR_shooter/Content/Collections/' took 0.00s
[2021.09.22-10.06.56:415][  0]LogContentBrowser: Native class hierarchy populated in 0.0137 seconds. Added 3427 classes and 821 folders.
[2021.09.22-10.06.56:424][  0]LogContentBrowser: Native class hierarchy updated for 'WidgetCarousel' in 0.0004 seconds. Added 0 classes and 0 folders.
[2021.09.22-10.06.56:667][  0]LogContentBrowser: Native class hierarchy updated for 'AddContentDialog' in 0.0004 seconds. Added 0 classes and 0 folders.
[2021.09.22-10.06.56:672][  0]LogContentBrowser: Native class hierarchy updated for 'SceneOutliner' in 0.0006 seconds. Added 2 classes and 0 folders.
[2021.09.22-10.06.56:756][  0]LogSlate: Took 0.000991 seconds to synchronously load lazily loaded font '../../../Engine/Content/Slate/Fonts/Roboto-Regular.ttf' (155K)
[2021.09.22-10.06.56:760][  0]LogSlate: Took 0.001485 seconds to synchronously load lazily loaded font '../../../Engine/Content/Slate/Fonts/Roboto-Bold.ttf' (160K)
[2021.09.22-10.06.56:771][  0]LogSlate: Took 0.000981 seconds to synchronously load lazily loaded font '../../../Engine/Content/Editor/Slate/Fonts/FontAwesome.ttf' (139K)
[2021.09.22-10.06.56:918][  0]LogRenderer: Reallocating scene render targets to support 964x432 Format 10 NumSamples 1 (Frame:1).
[2021.09.22-10.06.57:081][  0]LogSlate: Took 0.001109 seconds to synchronously load lazily loaded font '../../../Engine/Content/Slate/Fonts/Roboto-Light.ttf' (167K)
[2021.09.22-10.06.57:168][  0]LogContentBrowser: Native class hierarchy updated for 'HierarchicalLODOutliner' in 0.0005 seconds. Added 0 classes and 0 folders.
[2021.09.22-10.06.57:168][  0]LogLoad: (Engine Initialization) Total time: 16.08 seconds
[2021.09.22-10.06.57:168][  0]LogLoad: (Engine Initialization) Total Blueprint compile time: 0.00 seconds
[2021.09.22-10.06.57:223][  0]LogAssetRegistry: Asset discovery search completed in 9.4744 seconds
[2021.09.22-10.06.57:230][  0]LogCollectionManager: Fixed up redirectors for 0 collections in 0.000003 seconds (updated 0 objects)
[2021.09.22-10.06.57:231][  0]LogContentStreaming: Texture pool size now 1000 MB
[2021.09.22-10.07.00:239][106]LogShaderCompilers: Display: Worker (4/5): shaders left to compile 100
[2021.09.22-10.07.00:482][115]LogShaderCompilers: Display: Worker (1/5): shaders left to compile 90
[2021.09.22-10.07.01:053][137]LogEditorViewport: Clicking on Actor (LMB): BP_Sky_Sphere_C (Sky Sphere)
[2021.09.22-10.07.02:211][174]LogShaderCompilers: Display: Worker (3/5): shaders left to compile 80
[2021.09.22-10.07.03:295][212]LogShaderCompilers: Display: Worker (2/5): shaders left to compile 70
[2021.09.22-10.07.12:498][503]LogShaderCompilers: Display: Worker (4/5): shaders left to compile 60
[2021.09.22-10.07.13:981][545]LogShaderCompilers: Display: Worker (3/5): shaders left to compile 50
[2021.09.22-10.07.15:058][573]LogShaderCompilers: Display: Worker (1/5): shaders left to compile 40
[2021.09.22-10.07.17:775][703]LogShaderCompilers: Display: Worker (2/5): shaders left to compile 30
[2021.09.22-10.07.22:243][839]LogShaderCompilers: Display: Worker (4/5): shaders left to compile 22
[2021.09.22-10.07.25:384][926]LogShaderCompilers: Display: Worker (1/5): shaders left to compile 16
[2021.09.22-10.07.25:790][937]LogShaderCompilers: Display: Worker (2/5): shaders left to compile 11
[2021.09.22-10.07.26:206][948]LogShaderCompilers: Display: Worker (3/5): shaders left to compile 8
[2021.09.22-10.07.29:244][ 33]LogShaderCompilers: Display: Worker (3/5): shaders left to compile 5
[2021.09.22-10.07.29:451][ 39]LogShaderCompilers: Display: Worker (2/5): shaders left to compile 3
[2021.09.22-10.07.30:040][ 54]LogShaderCompilers: Display: Worker (4/5): shaders left to compile 2
[2021.09.22-10.07.30:428][ 65]LogShaderCompilers: Display: Worker (3/5): shaders left to compile 1
[2021.09.22-10.07.33:538][344]LogSlate: Window 'Project Settings' being destroyed
[2021.09.22-10.08.53:962][195]LogTemp: Repeating last play command: Selected Viewport
[2021.09.22-10.08.53:976][195]LogPlayLevel: PlayLevel: No blueprints needed recompiling
[2021.09.22-10.08.53:978][195]PIE: New page: PIE session: Level_0 (23 Sep 2021, 6:08:53 am)
[2021.09.22-10.08.53:980][195]LogOnline: OSS: Creating online subsystem instance for: NULL
[2021.09.22-10.08.53:982][195]LogOnline: OSS: TryLoadSubsystemAndSetDefault: Loaded subsystem for module [NULL]
[2021.09.22-10.08.53:982][195]LogPlayLevel: Creating play world package: /Game/UEDPIE_0_Level_0
[2021.09.22-10.08.53:985][195]LogPlayLevel: PIE: StaticDuplicateObject took: (0.002911s)
[2021.09.22-10.08.53:986][195]LogAIModule: Creating AISystem for world Level_0
[2021.09.22-10.08.53:986][195]LogAISub: UAISubsystem::UAISubsystem EnvQueryManager (000002932FE17E00), frame # 9195
[2021.09.22-10.08.53:986][195]LogAISub: UAISubsystem::UAISubsystem AIPerceptionSystem (000002934D1EAC00), frame # 9195
[2021.09.22-10.08.53:986][195]LogPlayLevel: PIE: World Init took: (0.001010s)
[2021.09.22-10.08.53:986][195]LogPlayLevel: PIE: Created PIE world by copying editor world from /Game/Level_0.Level_0 to /Game/UEDPIE_0_Level_0.Level_0 (0.004039s)
[2021.09.22-10.08.53:994][195]LogUObjectHash: Compacting FUObjectHashTables data took   0.56ms
[2021.09.22-10.08.53:995][195]LogAudioMixer: Display: Audio Mixer Platform Settings:
[2021.09.22-10.08.53:995][195]LogAudioMixer: Display: 	Sample Rate:						  48000
[2021.09.22-10.08.53:995][195]LogAudioMixer: Display: 	Callback Buffer Frame Size Requested: 1024
[2021.09.22-10.08.53:996][195]LogAudioMixer: Display: 	Callback Buffer Frame Size To Use:	  1024
[2021.09.22-10.08.53:996][195]LogAudioMixer: Display: 	Number of buffers to queue:			  2
[2021.09.22-10.08.53:996][195]LogAudioMixer: Display: 	Max Channels (voices):				  32
[2021.09.22-10.08.53:996][195]LogAudioMixer: Display: 	Number of Async Source Workers:		  0
[2021.09.22-10.08.53:996][195]LogAudio: Display: AudioDevice MaxSources: 32
[2021.09.22-10.08.53:996][195]LogAudio: Display: Using built-in audio occlusion.
[2021.09.22-10.08.53:996][195]LogAudioMixer: Display: Initializing audio mixer.
[2021.09.22-10.08.53:997][195]LogAudioMixer: Display: 0: FrontLeft
[2021.09.22-10.08.53:997][195]LogAudioMixer: Display: 1: FrontRight
[2021.09.22-10.08.54:007][195]LogAudioMixer: Display: Using Audio Device Speakers (USB Audio Device)
[2021.09.22-10.08.54:007][195]LogAudioMixer: Display: Initializing Sound Submixes...
[2021.09.22-10.08.54:007][195]LogAudioMixer: Display: Creating Master Submix 'MasterSubmixDefault'
[2021.09.22-10.08.54:007][195]LogAudioMixer: Display: Creating Master Submix 'MasterReverbSubmixDefault'
[2021.09.22-10.08.54:007][195]LogAudioMixer: Display: Creating Master Submix 'MasterEQSubmixDefault'
[2021.09.22-10.08.54:008][195]LogInit: FAudioDevice initialized.
[2021.09.22-10.08.54:034][195]LogLinker: Warning: While loading '../../../../../../Users/rajes/Documents/GitHub/CT21S2-49/VR_shooter/Content/Muzzle/P_AssaultRifle_MF.uasset' failed to load '/Game/Effects/Materials/LensFlare/M_Lensflare_01': Can't find file.
[2021.09.22-10.08.54:034][195]LogLinker: Warning: While loading '../../../../../../Users/rajes/Documents/GitHub/CT21S2-49/VR_shooter/Content/Muzzle/P_AssaultRifle_MF.uasset' failed to load '/Game/Effects/Materials/LensFlare/M_Lensflare_01': Can't find file.
[2021.09.22-10.08.54:035][195]LogLinker: Warning: While loading '../../../../../../Users/rajes/Documents/GitHub/CT21S2-49/VR_shooter/Content/Muzzle/P_AssaultRifle_MF.uasset' failed to load '/Game/Effects/Materials/Ramp/M_SoftGradient_Muzzle': Can't find file.
[2021.09.22-10.08.54:035][195]LogLinker: Warning: While loading '../../../../../../Users/rajes/Documents/GitHub/CT21S2-49/VR_shooter/Content/Muzzle/P_AssaultRifle_MF.uasset' failed to load '/Game/Effects/Materials/Ramp/M_SoftGradient_Muzzle': Can't find file.
[2021.09.22-10.08.54:037][195]LogLinker: Warning: While loading '../../../../../../Users/rajes/Documents/GitHub/CT21S2-49/VR_shooter/Content/Muzzle/P_AssaultRifle_MF.uasset' failed to load '/Game/Effects/Materials/Smoke/M_ImpactSmoke': Can't find file.
[2021.09.22-10.08.54:037][195]LogLinker: Warning: While loading '../../../../../../Users/rajes/Documents/GitHub/CT21S2-49/VR_shooter/Content/Muzzle/P_AssaultRifle_MF.uasset' failed to load '/Game/Effects/Materials/Smoke/M_ImpactSmoke': Can't find file.
[2021.09.22-10.08.54:037][195]LogLinker: Warning: While loading '../../../../../../Users/rajes/Documents/GitHub/CT21S2-49/VR_shooter/Content/Muzzle/P_AssaultRifle_MF.uasset' failed to load '/Game/Effects/Materials/Smoke/M_SmokeBall': Can't find file.
[2021.09.22-10.08.54:037][195]LogLinker: Warning: While loading '../../../../../../Users/rajes/Documents/GitHub/CT21S2-49/VR_shooter/Content/Muzzle/P_AssaultRifle_MF.uasset' failed to load '/Game/Effects/Materials/Smoke/M_SmokeBall': Can't find file.
[2021.09.22-10.08.54:037][195]LogLinker: Warning: While loading '../../../../../../Users/rajes/Documents/GitHub/CT21S2-49/VR_shooter/Content/Muzzle/P_AssaultRifle_MF.uasset' failed to load '/Game/Effects/Materials/Weapon/M_muzzle_flash_subUV': Can't find file.
[2021.09.22-10.08.54:038][195]LogLinker: Warning: While loading '../../../../../../Users/rajes/Documents/GitHub/CT21S2-49/VR_shooter/Content/Muzzle/P_AssaultRifle_MF.uasset' failed to load '/Game/Effects/Materials/Weapon/M_muzzle_flash_subUV': Can't find file.
[2021.09.22-10.08.54:038][195]LogLinker: Warning: While loading '../../../../../../Users/rajes/Documents/GitHub/CT21S2-49/VR_shooter/Content/Muzzle/P_AssaultRifle_MF.uasset' failed to load '/Game/Effects/Materials/Weapon/M_MuzzleGlow': Can't find file.
[2021.09.22-10.08.54:038][195]LogLinker: Warning: While loading '../../../../../../Users/rajes/Documents/GitHub/CT21S2-49/VR_shooter/Content/Muzzle/P_AssaultRifle_MF.uasset' failed to load '/Game/Effects/Materials/Weapon/M_MuzzleGlow': Can't find file.
[2021.09.22-10.08.54:038][195]LogLinker: Warning: While loading '../../../../../../Users/rajes/Documents/GitHub/CT21S2-49/VR_shooter/Content/Muzzle/P_AssaultRifle_MF.uasset' failed to load '/Game/Effects/Materials/LensFlare/M_Lensflare_01': Can't find file.
[2021.09.22-10.08.54:038][195]LogLinker: Warning: While loading '../../../../../../Users/rajes/Documents/GitHub/CT21S2-49/VR_shooter/Content/Muzzle/P_AssaultRifle_MF.uasset' failed to load '/Game/Effects/Materials/LensFlare/M_Lensflare_01': Can't find file.
[2021.09.22-10.08.54:039][195]LogLinker: Warning: While loading '../../../../../../Users/rajes/Documents/GitHub/CT21S2-49/VR_shooter/Content/Muzzle/P_AssaultRifle_MF.uasset' failed to load '/Game/Effects/Materials/Ramp/M_SoftGradient_Muzzle': Can't find file.
[2021.09.22-10.08.54:039][195]LogLinker: Warning: While loading '../../../../../../Users/rajes/Documents/GitHub/CT21S2-49/VR_shooter/Content/Muzzle/P_AssaultRifle_MF.uasset' failed to load '/Game/Effects/Materials/Ramp/M_SoftGradient_Muzzle': Can't find file.
[2021.09.22-10.08.54:039][195]LogLinker: Warning: While loading '../../../../../../Users/rajes/Documents/GitHub/CT21S2-49/VR_shooter/Content/Muzzle/P_AssaultRifle_MF.uasset' failed to load '/Game/Effects/Materials/Smoke/M_ImpactSmoke': Can't find file.
[2021.09.22-10.08.54:039][195]LogLinker: Warning: While loading '../../../../../../Users/rajes/Documents/GitHub/CT21S2-49/VR_shooter/Content/Muzzle/P_AssaultRifle_MF.uasset' failed to load '/Game/Effects/Materials/Smoke/M_ImpactSmoke': Can't find file.
[2021.09.22-10.08.54:039][195]LogLinker: Warning: While loading '../../../../../../Users/rajes/Documents/GitHub/CT21S2-49/VR_shooter/Content/Muzzle/P_AssaultRifle_MF.uasset' failed to load '/Game/Effects/Materials/Smoke/M_SmokeBall': Can't find file.
[2021.09.22-10.08.54:040][195]LogLinker: Warning: While loading '../../../../../../Users/rajes/Documents/GitHub/CT21S2-49/VR_shooter/Content/Muzzle/P_AssaultRifle_MF.uasset' failed to load '/Game/Effects/Materials/Smoke/M_SmokeBall': Can't find file.
[2021.09.22-10.08.54:040][195]LogLinker: Warning: While loading '../../../../../../Users/rajes/Documents/GitHub/CT21S2-49/VR_shooter/Content/Muzzle/P_AssaultRifle_MF.uasset' failed to load '/Game/Effects/Materials/Weapon/M_muzzle_flash_subUV': Can't find file.
[2021.09.22-10.08.54:040][195]LogLinker: Warning: While loading '../../../../../../Users/rajes/Documents/GitHub/CT21S2-49/VR_shooter/Content/Muzzle/P_AssaultRifle_MF.uasset' failed to load '/Game/Effects/Materials/Weapon/M_muzzle_flash_subUV': Can't find file.
[2021.09.22-10.08.54:040][195]LogLinker: Warning: While loading '../../../../../../Users/rajes/Documents/GitHub/CT21S2-49/VR_shooter/Content/Muzzle/P_AssaultRifle_MF.uasset' failed to load '/Game/Effects/Materials/Weapon/M_MuzzleGlow': Can't find file.
[2021.09.22-10.08.54:040][195]LogLinker: Warning: While loading '../../../../../../Users/rajes/Documents/GitHub/CT21S2-49/VR_shooter/Content/Muzzle/P_AssaultRifle_MF.uasset' failed to load '/Game/Effects/Materials/Weapon/M_MuzzleGlow': Can't find file.
[2021.09.22-10.08.54:041][195]LogLinker: Warning: While loading '../../../../../../Users/rajes/Documents/GitHub/CT21S2-49/VR_shooter/Content/Muzzle/P_AssaultRifle_MF.uasset' failed to load '/Game/Effects/Meshes/Weapon/SM_MuzzleCone': Can't find file.
[2021.09.22-10.08.54:041][195]LogLinker: Warning: While loading '../../../../../../Users/rajes/Documents/GitHub/CT21S2-49/VR_shooter/Content/Muzzle/P_AssaultRifle_MF.uasset' failed to load '/Game/Effects/Meshes/Weapon/SM_MuzzleCone': Can't find file.
[2021.09.22-10.08.54:041][195]LogLinker: Warning: While loading '../../../../../../Users/rajes/Documents/GitHub/CT21S2-49/VR_shooter/Content/Muzzle/P_AssaultRifle_MF.uasset' failed to load '/Game/Effects/Meshes/Weapon/SM_MuzzleCone': Can't find file.
[2021.09.22-10.08.54:041][195]LogLinker: Warning: While loading '../../../../../../Users/rajes/Documents/GitHub/CT21S2-49/VR_shooter/Content/Muzzle/P_AssaultRifle_MF.uasset' failed to load '/Game/Effects/Meshes/Weapon/SM_MuzzleCone': Can't find file.
[2021.09.22-10.08.54:068][195]LogLinker: Warning: While loading '../../../../../../Users/rajes/Documents/GitHub/CT21S2-49/VR_shooter/Content/Muzzle/P_AssaultRifle_MF.uasset' failed to load '/Game/Effects/Materials/LensFlare/M_Lensflare_01': Can't find file.
[2021.09.22-10.08.54:068][195]LoadErrors: Failed to load /Game/Effects/Materials/LensFlare/M_Lensflare_01.M_Lensflare_01 Referenced by ParticleModuleRequired_0
[2021.09.22-10.08.54:068][195]LogLinker: Warning: While loading '../../../../../../Users/rajes/Documents/GitHub/CT21S2-49/VR_shooter/Content/Muzzle/P_AssaultRifle_MF.uasset' failed to load '/Game/Effects/Materials/LensFlare/M_Lensflare_01': Can't find file.
[2021.09.22-10.08.54:068][195]LogLinker: Warning: While loading '../../../../../../Users/rajes/Documents/GitHub/CT21S2-49/VR_shooter/Content/Muzzle/P_AssaultRifle_MF.uasset' failed to load '/Game/Effects/Materials/Ramp/M_SoftGradient_Muzzle': Can't find file.
[2021.09.22-10.08.54:068][195]LoadErrors: Failed to load /Game/Effects/Materials/Ramp/M_SoftGradient_Muzzle.M_SoftGradient_Muzzle Referenced by ParticleModuleRequired_28
[2021.09.22-10.08.54:069][195]LogLinker: Warning: While loading '../../../../../../Users/rajes/Documents/GitHub/CT21S2-49/VR_shooter/Content/Muzzle/P_AssaultRifle_MF.uasset' failed to load '/Game/Effects/Materials/Ramp/M_SoftGradient_Muzzle': Can't find file.
[2021.09.22-10.08.54:069][195]LogLinker: Warning: While loading '../../../../../../Users/rajes/Documents/GitHub/CT21S2-49/VR_shooter/Content/Muzzle/P_AssaultRifle_MF.uasset' failed to load '/Game/Effects/Materials/Smoke/M_ImpactSmoke': Can't find file.
[2021.09.22-10.08.54:069][195]LoadErrors: Failed to load /Game/Effects/Materials/Smoke/M_ImpactSmoke.M_ImpactSmoke Referenced by ParticleModuleRequired_35
[2021.09.22-10.08.54:069][195]LogLinker: Warning: While loading '../../../../../../Users/rajes/Documents/GitHub/CT21S2-49/VR_shooter/Content/Muzzle/P_AssaultRifle_MF.uasset' failed to load '/Game/Effects/Materials/Smoke/M_ImpactSmoke': Can't find file.
[2021.09.22-10.08.54:069][195]LogLinker: Warning: While loading '../../../../../../Users/rajes/Documents/GitHub/CT21S2-49/VR_shooter/Content/Muzzle/P_AssaultRifle_MF.uasset' failed to load '/Game/Effects/Materials/Smoke/M_ImpactSmoke': Can't find file.
[2021.09.22-10.08.54:069][195]LoadErrors: Failed to load /Game/Effects/Materials/Smoke/M_ImpactSmoke.M_ImpactSmoke Referenced by ParticleModuleRequired_36
[2021.09.22-10.08.54:069][195]LogLinker: Warning: While loading '../../../../../../Users/rajes/Documents/GitHub/CT21S2-49/VR_shooter/Content/Muzzle/P_AssaultRifle_MF.uasset' failed to load '/Game/Effects/Materials/Smoke/M_ImpactSmoke': Can't find file.
[2021.09.22-10.08.54:070][195]LogLinker: Warning: While loading '../../../../../../Users/rajes/Documents/GitHub/CT21S2-49/VR_shooter/Content/Muzzle/P_AssaultRifle_MF.uasset' failed to load '/Game/Effects/Materials/Smoke/M_ImpactSmoke': Can't find file.
[2021.09.22-10.08.54:070][195]LoadErrors: Failed to load /Game/Effects/Materials/Smoke/M_ImpactSmoke.M_ImpactSmoke Referenced by ParticleModuleRequired_38
[2021.09.22-10.08.54:070][195]LogLinker: Warning: While loading '../../../../../../Users/rajes/Documents/GitHub/CT21S2-49/VR_shooter/Content/Muzzle/P_AssaultRifle_MF.uasset' failed to load '/Game/Effects/Materials/Smoke/M_ImpactSmoke': Can't find file.
[2021.09.22-10.08.54:070][195]LogLinker: Warning: While loading '../../../../../../Users/rajes/Documents/GitHub/CT21S2-49/VR_shooter/Content/Muzzle/P_AssaultRifle_MF.uasset' failed to load '/Game/Effects/Materials/Smoke/M_SmokeBall': Can't find file.
[2021.09.22-10.08.54:070][195]LoadErrors: Failed to load /Game/Effects/Materials/Smoke/M_SmokeBall.M_SmokeBall Referenced by ParticleModuleRequired_39
[2021.09.22-10.08.54:070][195]LogLinker: Warning: While loading '../../../../../../Users/rajes/Documents/GitHub/CT21S2-49/VR_shooter/Content/Muzzle/P_AssaultRifle_MF.uasset' failed to load '/Game/Effects/Materials/Smoke/M_SmokeBall': Can't find file.
[2021.09.22-10.08.54:070][195]LogLinker: Warning: While loading '../../../../../../Users/rajes/Documents/GitHub/CT21S2-49/VR_shooter/Content/Muzzle/P_AssaultRifle_MF.uasset' failed to load '/Game/Effects/Materials/Smoke/M_SmokeBall': Can't find file.
[2021.09.22-10.08.54:070][195]LoadErrors: Failed to load /Game/Effects/Materials/Smoke/M_SmokeBall.M_SmokeBall Referenced by ParticleModuleRequired_40
[2021.09.22-10.08.54:070][195]LogLinker: Warning: While loading '../../../../../../Users/rajes/Documents/GitHub/CT21S2-49/VR_shooter/Content/Muzzle/P_AssaultRifle_MF.uasset' failed to load '/Game/Effects/Materials/Smoke/M_SmokeBall': Can't find file.
[2021.09.22-10.08.54:071][195]LogLinker: Warning: While loading '../../../../../../Users/rajes/Documents/GitHub/CT21S2-49/VR_shooter/Content/Muzzle/P_AssaultRifle_MF.uasset' failed to load '/Game/Effects/Materials/Weapon/M_muzzle_flash_subUV': Can't find file.
[2021.09.22-10.08.54:071][195]LoadErrors: Failed to load /Game/Effects/Materials/Weapon/M_muzzle_flash_subUV.M_muzzle_flash_subUV Referenced by ParticleModuleRequired_45
[2021.09.22-10.08.54:071][195]LogLinker: Warning: While loading '../../../../../../Users/rajes/Documents/GitHub/CT21S2-49/VR_shooter/Content/Muzzle/P_AssaultRifle_MF.uasset' failed to load '/Game/Effects/Materials/Weapon/M_muzzle_flash_subUV': Can't find file.
[2021.09.22-10.08.54:071][195]LogLinker: Warning: While loading '../../../../../../Users/rajes/Documents/GitHub/CT21S2-49/VR_shooter/Content/Muzzle/P_AssaultRifle_MF.uasset' failed to load '/Game/Effects/Materials/Weapon/M_muzzle_flash_subUV': Can't find file.
[2021.09.22-10.08.54:071][195]LoadErrors: Failed to load /Game/Effects/Materials/Weapon/M_muzzle_flash_subUV.M_muzzle_flash_subUV Referenced by ParticleModuleRequired_46
[2021.09.22-10.08.54:071][195]LogLinker: Warning: While loading '../../../../../../Users/rajes/Documents/GitHub/CT21S2-49/VR_shooter/Content/Muzzle/P_AssaultRifle_MF.uasset' failed to load '/Game/Effects/Materials/Weapon/M_muzzle_flash_subUV': Can't find file.
[2021.09.22-10.08.54:071][195]LogLinker: Warning: While loading '../../../../../../Users/rajes/Documents/GitHub/CT21S2-49/VR_shooter/Content/Muzzle/P_AssaultRifle_MF.uasset' failed to load '/Game/Effects/Materials/Weapon/M_MuzzleGlow': Can't find file.
[2021.09.22-10.08.54:071][195]LoadErrors: Failed to load /Game/Effects/Materials/Weapon/M_MuzzleGlow.M_MuzzleGlow Referenced by ParticleModuleRequired_49
[2021.09.22-10.08.54:071][195]LogLinker: Warning: While loading '../../../../../../Users/rajes/Documents/GitHub/CT21S2-49/VR_shooter/Content/Muzzle/P_AssaultRifle_MF.uasset' failed to load '/Game/Effects/Materials/Weapon/M_MuzzleGlow': Can't find file.
[2021.09.22-10.08.54:072][195]LogLinker: Warning: While loading '../../../../../../Users/rajes/Documents/GitHub/CT21S2-49/VR_shooter/Content/Muzzle/P_AssaultRifle_MF.uasset' failed to load '/Game/Effects/Meshes/Weapon/SM_MuzzleCone': Can't find file.
[2021.09.22-10.08.54:072][195]LoadErrors: Failed to load /Game/Effects/Meshes/Weapon/SM_MuzzleCone.SM_MuzzleCone Referenced by ParticleModuleTypeDataMesh_8
[2021.09.22-10.08.54:073][195]LogLinker: Warning: While loading '../../../../../../Users/rajes/Documents/GitHub/CT21S2-49/VR_shooter/Content/Muzzle/P_AssaultRifle_MF.uasset' failed to load '/Game/Effects/Meshes/Weapon/SM_MuzzleCone': Can't find file.
[2021.09.22-10.08.54:074][195]LogMaterial: Display: Missing cached shader map for material Dark, compiling. 
[2021.09.22-10.08.54:088][195]LogTexture: Display: Building textures: crosshair (AutoDXT, 512X512)
[2021.09.22-10.08.54:088][195]LogTexture: Display: Building textures: ThumbnailTexture (DXT1, 512X512)
[2021.09.22-10.08.54:088][195]LogShaderCompilers: Display: Worker (1/5): shaders left to compile 15
[2021.09.22-10.08.54:088][195]LogShaderCompilers: Display: Worker (2/5): shaders left to compile 11
[2021.09.22-10.08.54:088][195]LogShaderCompilers: Display: Worker (3/5): shaders left to compile 7
[2021.09.22-10.08.54:088][195]LogShaderCompilers: Display: Worker (4/5): shaders left to compile 3
[2021.09.22-10.08.54:088][195]LogMaterial: Display: Missing cached shader map for material Detail, compiling. 
[2021.09.22-10.08.54:137][195]LogStaticMesh: Building static mesh Sniper_rifle...
[2021.09.22-10.08.54:168][195]LogStaticMesh: Built static mesh [0.03s] /Game/Shooter_assets/Guns/Sniper_rifle.Sniper_rifle
[2021.09.22-10.08.54:179][195]LogMaterial: Display: Missing cached shader map for material Mid, compiling. 
[2021.09.22-10.08.54:191][195]LogMaterial: Display: Missing cached shader map for material Main, compiling. 
[2021.09.22-10.08.54:202][195]LogLoad: Game class is 'VR_mode_C'
[2021.09.22-10.08.54:204][195]LogWorld: Bringing World /Game/UEDPIE_0_Level_0.Level_0 up for play (max tick rate 0) at 2021.09.22-20.08.54
[2021.09.22-10.08.54:204][195]LogWorld: Bringing up level for play took: 0.001344
[2021.09.22-10.08.54:204][195]LogOnline: OSS: Creating online subsystem instance for: :Context_2
[2021.09.22-10.08.54:216][195]LogContentBrowser: Native class hierarchy updated for 'MovieSceneCapture' in 0.0005 seconds. Added 20 classes and 0 folders.
[2021.09.22-10.08.54:233][195]PIE: Server logged in
[2021.09.22-10.08.54:235][195]PIE: Play in editor total start time 0.262 seconds.
[2021.09.22-10.08.55:865][257]LogShaderCompilers: Display: Worker (4/5): shaders left to compile 45
[2021.09.22-10.08.59:316][392]LogShaderCompilers: Display: Worker (1/5): shaders left to compile 35
[2021.09.22-10.09.00:656][447]LogShaderCompilers: Display: Worker (3/5): shaders left to compile 26
[2021.09.22-10.09.00:881][456]LogShaderCompilers: Display: Worker (2/5): shaders left to compile 19
[2021.09.22-10.09.05:818][652]LogShaderCompilers: Display: Worker (2/5): shaders left to compile 14
[2021.09.22-10.09.09:591][809]LogShaderCompilers: Display: Worker (1/5): shaders left to compile 10
[2021.09.22-10.09.10:956][866]LogShaderCompilers: Display: Worker (2/5): shaders left to compile 7
[2021.09.22-10.09.11:362][883]LogShaderCompilers: Display: Worker (4/5): shaders left to compile 5
[2021.09.22-10.09.13:140][955]LogShaderCompilers: Display: Worker (3/5): shaders left to compile 3
[2021.09.22-10.09.13:450][967]LogShaderCompilers: Display: Worker (3/5): shaders left to compile 2
[2021.09.22-10.09.13:831][982]LogShaderCompilers: Display: Worker (4/5): shaders left to compile 1
[2021.09.22-10.09.23:290][417]LogBlueprintUserMessages: [Player_C_0] HIT
[2021.09.22-10.09.29:188][689]LogSlate: Updating window title bar state: overlay mode, drag disabled, window buttons hidden, title bar hidden
[2021.09.22-10.09.29:188][689]LogWorld: BeginTearingDown for /Game/UEDPIE_0_Level_0
[2021.09.22-10.09.29:190][689]LogWorld: UWorld::CleanupWorld for Level_0, bSessionEnded=true, bCleanupResources=true
[2021.09.22-10.09.29:191][689]LogSlate: InvalidateAllWidgets triggered.  All widgets were invalidated
[2021.09.22-10.09.29:204][689]LogPlayLevel: Display: Shutting down PIE online subsystems
[2021.09.22-10.09.29:205][689]LogSlate: InvalidateAllWidgets triggered.  All widgets were invalidated
[2021.09.22-10.09.29:228][689]LogSlate: Updating window title bar state: overlay mode, drag disabled, window buttons hidden, title bar hidden
[2021.09.22-10.09.29:230][689]LogAISub: UAISubsystem::~UAISubsystem EnvQueryManager (000002932FE17E00), frame # 10689
[2021.09.22-10.09.29:230][689]LogAISub: UAISubsystem::~UAISubsystem AIPerceptionSystem (000002934D1EAC00), frame # 10689
[2021.09.22-10.09.29:231][689]LogUObjectHash: Compacting FUObjectHashTables data took   0.64ms
[2021.09.22-10.09.29:257][690]LogPlayLevel: Display: Destroying online subsystem :Context_2
